<16c151601e0e7a59c76944f62d48dc17e65ded0119318d65083f0ac0b4f25834a32b7930fa4cd4271b13b01de417f86a377728a1dd4551f9f5d867f26b969ea7, https://www.youtube.com/watch?v=KkCXLABwHP0, 30/06/2024 21:02:04, 200>
<48bf08870bf905545af042c125530b0d6ae881e903e6bf821ac4bb341edb941966a99680101707d8ab637c42c3bd64795c3509e278b1305f23f5323f3a4af569, https://www.youtube.com/watch?v=xhKMwGozbic, 30/06/2024 21:02:06, 200>
<64727277217b2a1eeda2e417fc421e1587d539c7a9aa2876db0d497dfedf98917a49074a273eca35bc784310cb475494aeda50951e141ac170e52f4b6f68d723, https://www.youtube.com/watch?v=eJCHKjt0MPw, 30/06/2024 21:02:07, 200>
<16c151601e0e7a59c76944f62d48dc17e65ded0119318d65083f0ac0b4f25834a32b7930fa4cd4271b13b01de417f86a377728a1dd4551f9f5d867f26b969ea7, https://www.youtube.com/watch?v=KkCXLABwHP0, 30/06/2024 21:02:17, 200>
<f18e2af07c806606e5dba2bec2b4cf49e84cdbb94efdaf99c013b72c12f59e9620764a68315fe05794b27ccf88852a2e279d02fbee54b08525813f92bc9f6bbf, https://www.youtube.com/watch?v=qIsgdOVGA04&pp=QAFIAQ%3D%3D, 30/06/2024 21:02:18, 200>
<f78edda0fa5149eeeed4aad6563c9744373989b2376c465ecfbd797d7464e6ed7a067beea9fb9d4b7d1c0436fcdb902ba837dc74fe0d049bd933b3e9442ba252, https://www.youtube.com/watch?v=_qAJMXfL6o0&pp=QAFIAg%3D%3D, 30/06/2024 21:02:19, 200>
<48bf08870bf905545af042c125530b0d6ae881e903e6bf821ac4bb341edb941966a99680101707d8ab637c42c3bd64795c3509e278b1305f23f5323f3a4af569, https://www.youtube.com/watch?v=xhKMwGozbic, 30/06/2024 21:02:21, 200>
<e8edacfe91fe6aa9f15976de3c11d08cd94e070bdc72eb172c7a482cd2a7d1edc0831f33a2de8c6fc2a342d60ef5dc95eec4dff366225c79657d860644f5d546, https://www.youtube.com/watch?v=XfTAXRiR3nk&pp=QAFIAQ%3D%3D, 30/06/2024 21:02:22, 200>
<f3d24e4035c74d2b0bd737c3ff08d6717299626f446ff8a533162178f148ccc3e1c4a5ad96908f81bfd5277b8fb36c39e0dcc38cb4da8ca8b9af0b3085597e3c, https://www.youtube.com/watch?v=0BeckXNvu2Q&pp=QAFIAg%3D%3D, 30/06/2024 21:02:23, 200>
<64727277217b2a1eeda2e417fc421e1587d539c7a9aa2876db0d497dfedf98917a49074a273eca35bc784310cb475494aeda50951e141ac170e52f4b6f68d723, https://www.youtube.com/watch?v=eJCHKjt0MPw, 30/06/2024 21:02:24, 200>
<11dfe43e7d4c63506c06b1bca3aeb0ca3b430d2b3650a47fa4ab784f42f9d415ee389c81b7a0754b08a751cf1d613d671fbc399a118c1231890499215f239acc, https://www.youtube.com/watch?v=olDWm2veCrM&pp=QAFIAQ%3D%3D, 30/06/2024 21:02:26, 200>
<56e8772db570c9c4285b3bd6169275d19d3e36860b03ee52165d1cbcfc0b927a6ee6f70c73f010c525df9cf8ff872a8088c973f9d67841c091629173db5c0e06, https://www.youtube.com/watch?v=kOanBE5Wg24&pp=QAFIAg%3D%3D, 30/06/2024 21:02:27, 200>
<16c151601e0e7a59c76944f62d48dc17e65ded0119318d65083f0ac0b4f25834a32b7930fa4cd4271b13b01de417f86a377728a1dd4551f9f5d867f26b969ea7, https://www.youtube.com/watch?v=KkCXLABwHP0, 30/06/2024 21:03:26, 200>
<48bf08870bf905545af042c125530b0d6ae881e903e6bf821ac4bb341edb941966a99680101707d8ab637c42c3bd64795c3509e278b1305f23f5323f3a4af569, https://www.youtube.com/watch?v=xhKMwGozbic, 30/06/2024 21:03:27, 200>
<64727277217b2a1eeda2e417fc421e1587d539c7a9aa2876db0d497dfedf98917a49074a273eca35bc784310cb475494aeda50951e141ac170e52f4b6f68d723, https://www.youtube.com/watch?v=eJCHKjt0MPw, 30/06/2024 21:03:29, 200>
<16c151601e0e7a59c76944f62d48dc17e65ded0119318d65083f0ac0b4f25834a32b7930fa4cd4271b13b01de417f86a377728a1dd4551f9f5d867f26b969ea7, https://www.youtube.com/watch?v=KkCXLABwHP0, 30/06/2024 21:11:07, 200>
<48bf08870bf905545af042c125530b0d6ae881e903e6bf821ac4bb341edb941966a99680101707d8ab637c42c3bd64795c3509e278b1305f23f5323f3a4af569, https://www.youtube.com/watch?v=xhKMwGozbic, 30/06/2024 21:11:08, 200>
<64727277217b2a1eeda2e417fc421e1587d539c7a9aa2876db0d497dfedf98917a49074a273eca35bc784310cb475494aeda50951e141ac170e52f4b6f68d723, https://www.youtube.com/watch?v=eJCHKjt0MPw, 30/06/2024 21:11:10, 200>
<16c151601e0e7a59c76944f62d48dc17e65ded0119318d65083f0ac0b4f25834a32b7930fa4cd4271b13b01de417f86a377728a1dd4551f9f5d867f26b969ea7, https://www.youtube.com/watch?v=KkCXLABwHP0, 30/06/2024 21:13:23, 200>
<86702f5700761878b9ee661c680cab44edf9daa55021ae6642595e741d6cc7cffad249f926101df41dd1c05ac86a9ade58db4009877aa80a5cff0b2d6d0c25a6, https://www.youtube.com/watch?v=lOKASgtr6kU&pp=QAFIAQ%3D%3D, 30/06/2024 21:13:24, 200>
<bdf6a9c56d14f1d620e3961651974526d0bbf16039382d7aab966e741923823b0ad7b697b092aca500d4dc045795dfd59e1ad6ce47b838c30b664c9e67040d64, https://www.youtube.com/watch?v=fMfipiV_17o&pp=QAFIAg%3D%3D, 30/06/2024 21:13:25, 200>
<16c151601e0e7a59c76944f62d48dc17e65ded0119318d65083f0ac0b4f25834a32b7930fa4cd4271b13b01de417f86a377728a1dd4551f9f5d867f26b969ea7, https://www.youtube.com/watch?v=KkCXLABwHP0, 30/06/2024 21:18:44, 200>
<4fe18c21d4d3e8ec2b94bb0c7f20cc0099078df5ade445efb56c40245d5e93840319cc09759da3e4ef73506749b32b49e06e8fd00517fd6adce101d52d56dc38, https://www.youtube.com/watch?v=s1ax8Tx_Jz0&pp=QAFIAQ%3D%3D, 30/06/2024 21:18:45, 200>
<18da93da89e0a5e841902f733c800fa4ee1c7c21ecf66826eb830b7c3b80d7c99d9760e1eb41f7099c02ccb48e1c146e1f6bf32ce25f0457d58863579552c08f, https://www.youtube.com/watch?v=IYVjOfoU3uI&pp=QAFIAg%3D%3D, 30/06/2024 21:18:46, 200>
<378e31ef3d1ef4875cdb041d9de8886c04c7d45e089bb5bc70bc0d5f20d62914d64a61fb6d401ca40fe6f45dbcf539bb92eb439cb3e74bfe94578e97406c6c84, https://www.youtube.com/watch?v=_qAJMXfL6o0&pp=QAFIAw%3D%3D, 30/06/2024 21:18:47, 200>
<c43950ce4eb9d3020becc9037af415516c090624b0d4a8142981e47a93f54960870af99fade2b56629f8b582f416c904384abfc9d4ae306f9b0674c3f7230c09, https://www.youtube.com/watch?v=GLoeAJUcz38&pp=QAFIBA%3D%3D, 30/06/2024 21:18:48, 200>
<1aa9c1cb1a4d4eab66947a7a35f64e153d53a2ba53b60632021f8761a054fdd6daabf2746b552f570416238711178f726eacd4a07df7432ede1cf6e649301a6d, https://www.youtube.com/watch?v=_qAJMXfL6o0&pp=QAFIBQ%3D%3D, 30/06/2024 21:18:50, 200>
<9848c7cf678aeeab90e0089fe33a6bcc19ccfcfd7d180d62a9b597b602845894f514b864a66c8a1446562f3a7de8208d9699948cc456eaab0825dcc6d3b42dab, https://www.youtube.com/watch?v=IYVjOfoU3uI&pp=QAFIBg%3D%3D, 30/06/2024 21:18:51, 200>
<60dacd9c52216629403df1ddf2a14b9de20678c9c1a61aa0360d547f33f51331d9e7f16241055a417027bfa741140cc9c35f1b1b80b2326e830e64f1e672c6ec, https://www.youtube.com/watch?v=_qAJMXfL6o0&pp=QAFIBw%3D%3D, 30/06/2024 21:18:52, 200>
<4ada8bc9efab1a985ed884d845b6314af4e818a18d6436d9a8a905bb6b6ba836cd5aaa9b61546e6f05a1c4671386984d129423f56ae0faa4bcc0b682f0a192ef, https://www.youtube.com/watch?v=GLoeAJUcz38&pp=QAFICA%3D%3D, 30/06/2024 21:18:53, 200>
<fc4fa3b32bad55c9c2f8dbb45af58b21a54abc5d7f2727fa9506e0c20647fb2e83609ed066ad6091b78a897026d1e5ab9f6254afb4b99decacbf1e4f8baae058, https://www.youtube.com/watch?v=_qAJMXfL6o0&pp=QAFICQ%3D%3D, 30/06/2024 21:18:54, 200>
<20c185508f14ee967f09ce070251fb53a024ff75d242bb64df67bc07caabcac4ac6d0e0833acd0b4213f7fe04ed237ac33971d2488a30c3c9c9b2fa0dc6d8464, https://www.youtube.com/watch?v=J_z-W4UVHkw&pp=QAFICg%3D%3D, 30/06/2024 21:18:56, 200>
<76e04dc869914bb1b4ee62577004dda27bcf5e230ace66ce625528a2ce6bc5bbfc0fc441691880d9aeb52d7a8d413c44d6c6c5e429a83bf70b88ba81d0d6ee76, https://www.youtube.com/watch?v=FM7Z-Xq8Drc&pp=QAFICw%3D%3D, 30/06/2024 21:18:57, 200>
<6fd6b2ea753717101351b02c6148befd4d6ad51d81cf8912167a6c88cc111a7ae24fb6e39d28e108ba8615459b30e4f56023fda54136ce85bd1a223c8649b429, https://www.youtube.com/watch?v=l-nMKJ5J3Uc&pp=QAFIDA%3D%3D, 30/06/2024 21:18:59, 200>
<d4f4a524c37f32aa22d4d869416e59de79730ef4db4451cb590b38fbf6174437a49ac0453dd84077997891c6d8075ababd9cd11431b3b8856d66d845a0602ae6, https://www.youtube.com/watch?v=0e3GPea1Tyg&pp=QAFIDQ%3D%3D, 30/06/2024 21:19:00, 200>
<4bc9b3be6a8aabbda2931ab6def04c9d89d3c75e9568907bb5020744ff2b7d9ee473103b5b294ba5cac2aa52bd1315e0439b94df8b284f942ba65126f15be2b2, https://www.youtube.com/watch?v=FM7Z-Xq8Drc&pp=QAFIDg%3D%3D, 30/06/2024 21:19:01, 200>
<3c41f851105831968c1ed90a33e9bba7c74f3ee1f20fb582128c25dcfe17e38e509e589de6810b70828578dabe0144fd0c96549099034b3580dfdca717cc1c82, https://www.youtube.com/watch?v=l-nMKJ5J3Uc&pp=QAFIDw%3D%3D, 30/06/2024 21:19:02, 200>
<a77211a6ad72d043325958407a10f5c17ecd047ee75f7b9ec18e11aff09dec939054252703c0bf8a1cd3f0313ff303d34ac900eb5a6c84689dcdba19a0601ff6, https://www.youtube.com/watch?v=J_z-W4UVHkw&pp=QAFIEA%3D%3D, 30/06/2024 21:19:04, 200>
<b92c1ef860e4b732c170e8d2b430552be535d6097ae8d4838e498c6c08a755f56ca9e6b623141cfac24455ccda8041ffab1c3025de0b536db9e15bf13a1d57a2, https://www.youtube.com/watch?v=l-nMKJ5J3Uc&pp=QAFIEQ%3D%3D, 30/06/2024 21:19:05, 200>
<1fc4b6d8f4943e420adde97f7cbc5c3ebb1a40a838de0c55d230850c3647b653cc7cb78c520ab57b8e56464f80a893021c20da123aecb60c564b501abc6dc6c9, https://www.youtube.com/watch?v=9RhWXPcKBI8&pp=QAFIEg%3D%3D, 30/06/2024 21:19:06, 200>
<50a0cebb4e2b5af28a929fc24047dbbc31141b36320ea0cb491106c5606d29dfa3397c986aa72618e5aceb805aa6f078f9f35b495045e567025f0c0be68de570, https://www.youtube.com/watch?v=yhB3BgJyGl8&pp=QAFIEw%3D%3D, 30/06/2024 21:19:08, 200>
<98cc8a89ddea32262aca6df0410395a1e7a58d0b2bb141495a95cdb0fcf87d153048f958be85ca663d83a922a78ae3890d261e95b8e1b3174ca4c63f9200cb08, https://www.youtube.com/watch?v=48h57PspBec&pp=QAFIFA%3D%3D, 30/06/2024 21:19:09, 200>
<94ed9833ff34f619c31de812a7975cf1bd0e3457d2e18ef214765e12a5ab73dad4ffaf503b9da3d964bcc95faaa03b8cf899624da2dec30443394c3fb6665a74, https://www.youtube.com/watch?v=yhB3BgJyGl8&pp=QAFIFQ%3D%3D, 30/06/2024 21:19:10, 200>
<f1bb7b9e941b7f1766d9d0c1044f8a0ec9420434f19ab526ec9a689ca1ec328958afd6ec568a1974b663f4c7a51e5866c955bb14cafd575a6c50cb06de4c6a2d, https://www.youtube.com/watch?v=erLbbextvlY&pp=QAFIFg%3D%3D, 30/06/2024 21:19:11, 200>
<3d73da736efb8c7bc6a2a43efb67adfb040deacc26f74aa39620272ba2420cc8d0e6f6e9576a52a006b7f15b09faa9e87c8d5370c6d524714e21b520d77ede54, https://www.youtube.com/watch?v=tnTPaLOaHz8&pp=QAFIFw%3D%3D, 30/06/2024 21:19:13, 200>
<bacfae2130e9eb3c497dced74483d1a69793c9b060ea15132d6b8109e10d8f5b80ea8cb5cd841eda3c0d3f9c44cbe79824eb9996d06971f90ea31ca91aee21d2, https://www.youtube.com/watch?v=K_CbgLpvH9E&pp=QAFIGA%3D%3D, 30/06/2024 21:19:14, 200>
<30e7a0013978fc70f855924dab38b345a3514037b5c7bfe7008985dd93d5138f275393282ef6d00a1b991f91cd172581e6d26e68f2521a4c42aada0a6b3c5bc3, https://www.youtube.com/watch?v=yhB3BgJyGl8&pp=QAFIGQ%3D%3D, 30/06/2024 21:19:15, 200>
<ca868c763c49cbcfec44712e2857074631b3a16d2565f95d0d681fe3fc2c1cb64ad8c0ed7bd48e70963f5e9f17764b7226085ecad6ee550f0999b464ae4c38bc, https://www.youtube.com/watch?v=RvYkeTmM1gc&pp=QAFIGg%3D%3D, 30/06/2024 21:19:16, 200>
<08a57a93b257710042bb4dd576036945c14666ce3ab1f089e83bb666f50a50f1189d1205f3e329fe1ae3818c95812cb62b3b9ff15ed84adb51721685c3afb96d, https://www.youtube.com/watch?v=D5tvW00SZFc&pp=QAFIGw%3D%3D, 30/06/2024 21:19:18, 200>
<f344148d855a4ea51b11a6e256a4410609bc188f6db0d4cdb7f9dad45489f0f0d4003dcc3b425c80ec01840211d50b9a7f72fcb9ea7a1b09f679f7b5cac021f1, https://www.youtube.com/watch?v=E6E22XQPhhg&pp=QAFIHA%3D%3D, 30/06/2024 21:19:19, 200>
<6aff89d8ee3cec077ee151f9e35fa17dbc00df75ccc8eb3232b0578fb2bb62b9286c4315ceca1ad20d1fd9c8a32fb2aad45c20cc76d978c4313086c0eb31f76c, https://www.youtube.com/watch?v=LeYsRMZFUq0&pp=QAFIHQ%3D%3D, 30/06/2024 21:19:20, 200>
<8d4ef0dc6ffe02b49d314f6f14cc5081c8fa29f634bd95810ff95d23c6d9cdfd87e308ad88fbc9e1c3c8c4a5bceff1716df74af510b933bf29af5bc02c971c44, https://www.youtube.com/watch?v=_qAJMXfL6o0&pp=QAFIHg%3D%3D, 30/06/2024 21:19:21, 200>
<27a1a944ecf97014867ff9ff95d7bae9a6821821f0c693234ec78e4fbc6df67447a836b0912f1251b84d567bfe7fc267821b78ffd20aaf7227c196d5ea132254, https://www.youtube.com/watch?v=J_z-W4UVHkw&pp=QAFIHw%3D%3D, 30/06/2024 21:19:22, 200>
<5407991e30d506349e553733d5ac396e0a067d71ddd81ec1b163d9a0bbcdbc8f1447b8480e748c1b7653f3352652377380daad29041f870eae7460087acba8c8, https://www.youtube.com/watch?v=l-nMKJ5J3Uc&pp=QAFIIA%3D%3D, 30/06/2024 21:19:24, 200>
<a97dad1914b98704e356fd6b9768872d0acdb79a1c88da2cd84f9e5c55eb95c0b9981dc29b09ce10be582f61b3ffcf8e33d0389d40a780089ee2000c15fe8372, https://www.youtube.com/watch?v=tnTPaLOaHz8&pp=QAFIIQ%3D%3D, 30/06/2024 21:19:25, 200>
<e81bd73860d12cbad86d4b2a67f448d2eeae6c310f247927178b28cd670e90135d82a53d3fc7b6dbe778d1f0178841a171e79c7e0fb5084a829cb986dd854192, https://www.youtube.com/watch?v=9RhWXPcKBI8&pp=QAFIIg%3D%3D, 30/06/2024 21:19:26, 200>
<abf7b33fe782e9c03db0012aa4d0ff58f0a9fd29b28e67c619b15f2bbe8f225ce564e929f139798a34b425b63a65a31e86bbcdd3f914e99220e265374a981fa5, https://www.youtube.com/watch?v=QjvpjXdgugA&pp=QAFIIw%3D%3D, 30/06/2024 21:19:27, 200>
<cf46dfd2d65e35c23ba00c13e6f8d795b29d1c53dc8a0b08f00d703c0115eb04881ced9b1cf0973c093825f69abeaec2f508cfa959bc71f97988084923c5a057, https://www.youtube.com/watch?v=fMfipiV_17o&pp=QAFIJA%3D%3D, 30/06/2024 21:19:29, 200>
<874c1b2b0ea6460d114898012a1e497a007b1c0110047a6d35ccfe92f69efdb1e900aed4738b5a36c984fbf10e6515c4572761a60e62973c1b01b2c5d2f1c7cb, https://www.youtube.com/watch?v=_qAJMXfL6o0&pp=QAFIJQ%3D%3D, 30/06/2024 21:19:30, 200>
<d2610292fcba4c671959ce12677d682249536b7f17379e680a4a352dc5375b0d0f14d28fd8687198c2fd92f4f976c0874f9b2bdf5fa6cdea9d2af4cc4deaf007, https://www.youtube.com/watch?v=J_z-W4UVHkw&pp=QAFIJg%3D%3D, 30/06/2024 21:19:31, 200>
<58d1ada638fdfedff5a59023796e692bbfe5850a57f06ba947c6529ffc07c06635f1c9924d061ffa970ba072a48d87b623301f6627031d5035acb3bb33ee120b, https://www.youtube.com/watch?v=FM7Z-Xq8Drc&pp=QAFIJw%3D%3D, 30/06/2024 21:19:32, 200>
<ec74a984fb27f1539860e4b3ef830eebfd3a704ef343eda442bda49787626a928bbac0f330a0646b0df6fc48664f6f2abaa09928d231471dc06daec1f7b3d113, https://www.youtube.com/watch?v=l-nMKJ5J3Uc&pp=QAFIKA%3D%3D, 30/06/2024 21:19:33, 200>
<de3dd81eb0d03599840ef6a12b326f87f7d147c6f7190d86b635c575f8a234d90cb6341e1c9b5c8a1bef8cb468981ea2ce81a7f3abde3ca2ea7fc10a82bcab30, https://www.youtube.com/watch?v=tnTPaLOaHz8&pp=QAFIKQ%3D%3D, 30/06/2024 21:19:35, 200>
<ca2e6c4512d26c3ec3af0d1cc0e2487b2c08e5d8e901c7216adb3a0d565e36cc6e131508163d2dbf334a3175a2fa068c1123716526adbf0b4b2f2a7aa07d8bcd, https://www.youtube.com/watch?v=Wdjh81uH6FU&pp=QAFIKg%3D%3D, 30/06/2024 21:19:36, 200>
<36311efda8b0fcbbfc4cea79dd7d74e1d41e9177f50a2433c330f6976aeead3642ce08ec2d5d994681363dabc38de9e847a78a68ec093c76d9972e1a82326c3e, https://www.youtube.com/watch?v=fMfipiV_17o&pp=QAFIKw%3D%3D, 30/06/2024 21:19:37, 200>
<01f94da24d06f93081b64169d770802369cbe53d628f4a2c5a2ee027ec185e8ffc4d6d9f079e0aa002cb261e20bbb65159820e55ae8e276a7ef6a32328ab8484, https://www.youtube.com/watch?v=GLoeAJUcz38&pp=QAFILA%3D%3D, 30/06/2024 21:19:38, 200>
<119fc609340759bd8743762fdc16de8dc75b3f099ae2dd96e8489ec0602d8b74a31c396d4fab7374b3490ddfa61faf3d276fde4bb259b2dca7726d1fac23bda4, https://www.youtube.com/watch?v=_qAJMXfL6o0&pp=QAFILQ%3D%3D, 30/06/2024 21:19:40, 200>
<e63b1edb10fee5b7248df3a1361290729a89777389c08d0dc993ea3cf09f96e35427de9da3e7c714482d017d8dd1f2505130aa96cf6dbd06c040864731059948, https://www.youtube.com/watch?v=J_z-W4UVHkw&pp=QAFILg%3D%3D, 30/06/2024 21:19:41, 200>
<0a7a6166b5ae671e8752e3712304979fb03c6e5f0b4ef1bae64dab2fc3198d3feb2cf6b94d3b04f6aaf587dd6f99dfa4de64623b0c82a618fb04d22a24b667a6, https://www.youtube.com/watch?v=FM7Z-Xq8Drc&pp=QAFILw%3D%3D, 30/06/2024 21:19:42, 200>
<b51482a62b73dee3d0a172a2322ea81fc364c27294e4f65a7c004dc37ffc6e8167ebd80b30d35e9fc3c6daae3dcbf4bc405c7e1c440320d9b8d99cf3f352a83e, https://www.youtube.com/watch?v=l-nMKJ5J3Uc&pp=QAFIMA%3D%3D, 30/06/2024 21:19:43, 200>
<638413e7d83ad713b816aa76d8a0cf45c0e9f1dd8d2e479c1cad5f3494888c67219bc50ea778ec29b600fafd9435e72a83c716b926485a1f634aa471ebaa9f56, https://www.youtube.com/watch?v=tnTPaLOaHz8&pp=QAFIMQ%3D%3D, 30/06/2024 21:19:45, 200>
<82ad93b441a668ba3d1fcb7b329831c337bc212b476974c692bf1321a032467d999c8851b3a0a00432d728c264de5dcbd92c157fd22084db448a438fa9f9b2e5, https://www.youtube.com/watch?v=yhB3BgJyGl8&pp=QAFIMg%3D%3D, 30/06/2024 21:19:46, 200>
<a81f1a23969cf5f194e9268542ce88f2654969b2948ed735f689df640ab765ede986663e9ea550915b65da4993cd22a5645deddf580b55bf69636b7bfd97c341, https://www.youtube.com/watch?v=48h57PspBec&pp=QAFIMw%3D%3D, 30/06/2024 21:19:47, 200>
<a9f58ae6db1391b5866be7ae6bf32ea8fad11c61fcae9bc0dcff32eafe4a79d2cc6ebace6e457a0859ae18b5a2c4b64c15ff502e72b752d03bf0cb84d9731014, https://www.youtube.com/watch?v=yhB3BgJyGl8&pp=QAFINA%3D%3D, 30/06/2024 21:19:48, 200>
<ebf4ecc4c256d4d984682a22ae5a709185326eb7408bdd90ee6a2c6f421445a03c52838410830245004707373c8087a2c04aabc1fb4b0d2b366a3c7b5916e02d, https://www.youtube.com/watch?v=48h57PspBec&pp=QAFINQ%3D%3D, 30/06/2024 21:19:49, 200>
<e711595154bb8a10bf263c2df65ca6268c02d608fc80bc4798d591a35a64176b748dc14b31660dc0592953a300f1ee01f7b7d5f64b09d494e1c9def78654e2f0, https://www.youtube.com/watch?v=yhB3BgJyGl8&pp=QAFINg%3D%3D, 30/06/2024 21:19:51, 200>
<d062e463c5a1018f215bf6e96470358d3aca12befadbf6d647b748b35a6548b3e2ba5c6fc35a581cd9566bec5425ff115c4119eb7c9644c20611c62f5f71b1e2, https://www.youtube.com/watch?v=erLbbextvlY&pp=QAFINw%3D%3D, 30/06/2024 21:19:52, 200>
<7607aff973920ea46094b83517e882f98b83ac282e5a9ab9c29d33a3159568b4e82d01f766486d798408f9741467f4567b5fcb9de05acea624956e3aeaa77de1, https://www.youtube.com/watch?v=tnTPaLOaHz8&pp=QAFIOA%3D%3D, 30/06/2024 21:19:53, 200>
<cf2f898300567f673919558d6f3cef8da02a18ad24fe03dcdfbaca05abc7550f1fdcfa34098000525b257d9752811cb4f79bd0c20d010f7815b593158cf85811, https://www.youtube.com/watch?v=K_CbgLpvH9E&pp=QAFIOQ%3D%3D, 30/06/2024 21:19:54, 200>
<e749499a84f47c6239fa6508651eab9d60e9b5b45c8790a1d7a4368df85ca1a8534cb215ced2f5c363d64f7432f34419728a767bd41c3dbafdd45bbf28bd6d94, https://www.youtube.com/watch?v=9RhWXPcKBI8&pp=QAFIOg%3D%3D, 30/06/2024 21:19:55, 200>
<f486f89d1bd8ce8addddfd6354733ced8c8ccff30929e88d5d14a1373c118e6eb86009b4842684f1ab00131f1876875c57084023168322fa07e6f19206c29a0b, https://www.youtube.com/watch?v=QjvpjXdgugA&pp=QAFIOw%3D%3D, 30/06/2024 21:19:57, 200>
<eaa167e287235d51c395d3c3d27e52e4f0ca6ac8a0dd58214ca24ad9f0fa72c9552815a0fce4e484c84955a2d2b5a9545748b6c5bd5830da010e1632cb9adb22, https://www.youtube.com/watch?v=J_z-W4UVHkw&pp=QAFIPA%3D%3D, 30/06/2024 21:19:58, 200>
<36eda28a6d98eaa36a9a91d74b69655a92bb521170fd5083869ac5a1946000448f5bd73d7b785a10913b74d00575421ff277c9f263a4e995177ff34718c0718d, https://www.youtube.com/watch?v=QjvpjXdgugA&pp=QAFIPQ%3D%3D, 30/06/2024 21:19:59, 200>
<5e3e4abd95b44be4a69bc6b7efb2830df8f7f7ee6309e46a958f7a03bf7e7649d5afdc9b1f8aca01bade3c6ee7bf109167e59016563f4196a308ab347654cf9c, https://www.youtube.com/watch?v=J_z-W4UVHkw&pp=QAFIPg%3D%3D, 30/06/2024 21:20:00, 200>
<c4c7106a1bd9e954199d1ccc0ffefdb889ea64f0b3b93df6ff8398782fc4d4341212806e1d9a311bfe249d4f6be4a8fa8fbb3d5400830c9d5d649bc7681d1bbe, https://www.youtube.com/watch?v=FM7Z-Xq8Drc&pp=QAFIPw%3D%3D, 30/06/2024 21:20:02, 200>
<17cd210b427e2b6634faf4ce0d67f3f888b51afdc994ceada3c06a15d2feb87aed1a032484dd78b2f23787e120a011266ef076a7e775613cf13e4f0cfa4b7232, https://www.youtube.com/watch?v=0e3GPea1Tyg&pp=QAFIQA%3D%3D, 30/06/2024 21:20:03, 200>
<e2f833388e1ce5ae6778d76ce370882927787ebb520d8cbc86567b273f00092bc1e4fe6c9f28bc65606ddc23f3acb452fa1d121dba3f69f6d731d83b8d0a7de4, https://www.youtube.com/watch?v=J_z-W4UVHkw&pp=QAFIQQ%3D%3D, 30/06/2024 21:20:04, 200>
<00be50df0585f9e7d1dd50d38b4a6697b0fcc19708f10f3e2afbc84a153826cebe6ae435eb71336be2614d82226ad4474bd4657dbc83ee3b6f311ec240104f6a, https://www.youtube.com/watch?v=FM7Z-Xq8Drc&pp=QAFIQg%3D%3D, 30/06/2024 21:20:06, 200>
<14506553a5ef52cd484f7a5dde1a90a53f6a90ff91acc65c2ee99d2e77e064e56d8afba850d120343bedc1feac8a2cea55ccc9df76ad8f2aa722dc10f90b3021, https://www.youtube.com/watch?v=l-nMKJ5J3Uc&pp=QAFIQw%3D%3D, 30/06/2024 21:20:07, 200>
<bd091b2e85b56ff477f4f53a1f8dcf9843dcb50bd97ad9ae71779bb03097ecbbb0f11ce5d34be431d5947ec5e796978e4f7b80492cd0e5afdcc4b59bc9668bdd, https://www.youtube.com/watch?v=tnTPaLOaHz8&pp=QAFIRA%3D%3D, 30/06/2024 21:20:08, 200>
<e2923130c40e7e45f315798b64107c7f1359085dcce88ed0ff4d5faca03908e3b9c89ba78751f45f0230558b9300408ab88a048138b5049ca0df5492d82a5c22, https://www.youtube.com/watch?v=K_CbgLpvH9E&pp=QAFIRQ%3D%3D, 30/06/2024 21:20:09, 200>
<994f4d840e7d334353fed12431ff5817202b8689d2417334c6cb8453515e3ee89a1fbaa1d66a47ce6a8a873eec3e45a1bc605a02d4943c6397a6b8c799be77c6, https://www.youtube.com/watch?v=yhB3BgJyGl8&pp=QAFIRg%3D%3D, 30/06/2024 21:20:10, 200>
<0269909004af2218ea803501a8b1ef8b373fd404835a783af73141456ce7fb235660561cb91d6497e849226de54c95f4e9d04a4a8c7c36ce2b1848fe26734fac, https://www.youtube.com/watch?v=48h57PspBec&pp=QAFIRw%3D%3D, 30/06/2024 21:20:12, 200>
<d64f73482d4322cef5d91ac6e6035d5820b3ba1185eefc3366a02939337af414ead1dcdd7a3e987c8ae47d63785836a3d3be06e896d3c273c57fb037d542d255, https://www.youtube.com/watch?v=yhB3BgJyGl8&pp=QAFISA%3D%3D, 30/06/2024 21:20:13, 200>
<1cfbd027b69fea0e4db66c34ca87d514c15c9c199fa480d0061ae01e259ae4f5770475b784f82caf295f1fd4dbdd87deb7e4bc3883a70437284468f0044ec51b, https://www.youtube.com/watch?v=NkE0AMGzpJY&pp=QAFISQ%3D%3D, 30/06/2024 21:20:14, 200>
<9217935e3388a38f444ed966d401bdae9cb8695093bfc0e8b688a400177396f43584293ea2c6b6cbb737220c6743bec0a60bf1f7c93c316c85b4ab20265b84fb, https://www.youtube.com/watch?v=yhB3BgJyGl8&pp=QAFISg%3D%3D, 30/06/2024 21:20:16, 200>
<99de2d256c7aac92d3c34136221d34c9f272f1ee6ad5bc007444f3ea5211eb00f8945e3dc53d42b148c2e1cbba9b56e9d12d6a76e231fb8e3ede12f089100173, https://www.youtube.com/watch?v=erLbbextvlY&pp=QAFISw%3D%3D, 30/06/2024 21:20:17, 200>
<b57d1795fad619a733ef6817cd10d0308557b2e1b34fa471503ae8f268d86074de80847e44751ccd8f6e371f8cf9efb7a8a9a2aaed0c4fb8dff8387ed8c15cae, https://www.youtube.com/watch?v=tnTPaLOaHz8&pp=QAFITA%3D%3D, 30/06/2024 21:20:18, 200>
<ecd3617a53dc898d87cc9fd4f1178195b82d3a18cf249ad1cd2b4a792b354acc681af2ddce891527f88e073de49a0a4a5005a742a67dfd31a73e32d2e984cfaf, https://www.youtube.com/watch?v=yhB3BgJyGl8&pp=QAFITQ%3D%3D, 30/06/2024 21:20:20, 200>
<faed619e6457ce0501be5424b1fc891e7592c90dc45fc63b17645dac77ae03b9c54c9ea44287d3ce5314bc0610e6ab20f6f41cabf40318ec627610c9b564dab5, https://www.youtube.com/watch?v=48h57PspBec&pp=QAFITg%3D%3D, 30/06/2024 21:20:21, 200>
<8f0a58fd4a0758420a1a73e22476d879b00b6bccbd0db0fd9995683aa18eff43e5adac9716d5a7f092a909cf49b6e5636c3c90fbdae260a7edbd40b6658f6305, https://www.youtube.com/watch?v=erLbbextvlY&pp=QAFITw%3D%3D, 30/06/2024 21:20:22, 200>
<65eee9b00d8e6130117f7024f046028e02a3dc3e746583852877e969ba6c903bb1a0b24efc5161b1aa6ac8602528837c656c52bb850c1a77d7598b7a8491ea33, https://www.youtube.com/watch?v=tnTPaLOaHz8&pp=QAFIUA%3D%3D, 30/06/2024 21:20:23, 200>
<b670da3f8c53baad0002428cd73c22ba7e933946a4d5e39ddd5f2ec66f480c551edd2f427646471d4378d2f49ad324255e1f3e441c8235d8256ef07fbea44b13, https://www.youtube.com/watch?v=yhB3BgJyGl8&pp=QAFIUQ%3D%3D, 30/06/2024 21:20:25, 200>
<c9180c7bdbfcd18f1505e5be3ef239cabc3f1f64b89b702f6396a960bf6959ac18db4fa11f87e6d8281b292ea8e5603891160b555da1ded2745c7f77eea8efb9, https://www.youtube.com/watch?v=48h57PspBec&pp=QAFIUg%3D%3D, 30/06/2024 21:20:26, 200>
<dd72afd92628ca1fb083413af3b1441e4c3830433c11925ec27d9ccc2ccdda69b1cdd229312baace54cf6c0bca4d231a6a8074578098c75515ad78d707607805, https://www.youtube.com/watch?v=Wdjh81uH6FU&pp=QAFIUw%3D%3D, 30/06/2024 21:20:27, 200>
<74c6ac270a7dbc93d27aa7090eb1c7c5787a028318195238c8836d7dc61da85eed6fc54cb44305819561fbf230a34c8d60d995d99c971a141fca18f322c02475, https://www.youtube.com/watch?v=J_z-W4UVHkw&pp=QAFIVA%3D%3D, 30/06/2024 21:20:28, 200>
<2e0cc06b0608c8f8a0dc11a63c608367d926954fd3ff87724000d67f91e483478e726492858cdce31046f41aced91e5a6b570119d04951f806de57758da655e4, https://www.youtube.com/watch?v=l-nMKJ5J3Uc&pp=QAFIVQ%3D%3D, 30/06/2024 21:20:29, 200>
<6023ae8bcc5fa54a5b0983a967f0754c0dd51b1522705ef2e723336f715a8a6f678714696b0cab8255df841176ecf5749ff2317d545439b5dba22f29c43acdde, https://www.youtube.com/watch?v=9RhWXPcKBI8&pp=QAFIVg%3D%3D, 30/06/2024 21:20:31, 200>
<3270fb7a59b25316fa23671ca018208cdaac2400b6f48a67d054ca93420a75852c9c6ec520191cb7471482eec7d2eba4c3a25b82e2ee4ffa0eacc1e585332b92, https://www.youtube.com/watch?v=QjvpjXdgugA&pp=QAFIVw%3D%3D, 30/06/2024 21:20:32, 200>
<5c7776a4ab1757138f63e44baf13245a56b48e5eb55310644e1e702edc7b3cbecbdbb6243838549fce1a079f961ee3795b044f856889c4c297202bd4ac7f7db6, https://www.youtube.com/watch?v=J_z-W4UVHkw&pp=QAFIWA%3D%3D, 30/06/2024 21:20:33, 200>
<33a278b9d08a4bae637889b144991ad74cc6adb75ab8f91923be209f46b043d335bfc54a3b9df59faa0f2011d9ce721a8204acb07e1544a751adca98b2e6aac1, https://www.youtube.com/watch?v=yXWw0_UfSFg&pp=QAFIWQ%3D%3D, 30/06/2024 21:20:35, 200>
<6e7851dd3cf5147ab6fa087bc6dc72945cfedcef0b8efb7429f8ea5ff70b3d5bd97bd5bc5399930a4b8f0c56eedbb939a1cdaef775f66043d06dc6e20d7ef953, https://www.youtube.com/watch?v=QxGVgXf_LNk&pp=QAFIWg%3D%3D, 30/06/2024 21:20:36, 200>
<b317cd7a7f8be115c9d4bb8baf727c7c5a26cb1d9784a11e60639bf3c4a195c7a53d96716c43ff0ecceef53cdd199c479db60aae4386052b7ae5a8782263a5b4, https://www.youtube.com/watch?v=yXWw0_UfSFg&pp=QAFIWw%3D%3D, 30/06/2024 21:20:37, 200>
<d6e962296f7bd5706059386ade05c280d30c74d421445a9adb59d6ebc1f2ff48a281c7b64c439d48ec40b77501bab2aff8839f182095f473c353db071e8a757e, https://www.youtube.com/watch?v=_qAJMXfL6o0&pp=QAFIXA%3D%3D, 30/06/2024 21:20:38, 200>
<1be7c6dadae578bc67094d0b76dd1c20f01d60d7f4f82625e1ccebf408b8fcf075df7a46bb281e74fecba5c0bea275692b65f0019feaacebef4704b9a4098544, https://www.youtube.com/watch?v=LeYsRMZFUq0&pp=QAFIXQ%3D%3D, 30/06/2024 21:20:39, 200>
<c4a0726b96d97a931bd6c2d406fdda0d62027e80cae208635ef2bf4c561abcf67480d833d214b026d0fba1b125e9cae358e85730fa30cd8de2a3cafcf56e0c2b, https://www.youtube.com/watch?v=_qAJMXfL6o0&pp=QAFIXg%3D%3D, 30/06/2024 21:20:40, 200>
<12e35ec694810d9c9c1293a8432069bd57e0e968aaa35f5183d7704cab8de5104f1d89823ffc191dd0ee36e587357e3a13aa4cf09e1a9ef179c81a4b2bd871e6, https://www.youtube.com/watch?v=J_z-W4UVHkw&pp=QAFIXw%3D%3D, 30/06/2024 21:20:42, 200>
<25e5cb5691b902485a1c588ec7c3004f637a2904d8f9ed7bd2a434225b989e0ab64feb9c5db661ef3e084c99474ae195b63c499f810ed7cacddddf1052493379, https://www.youtube.com/watch?v=_qAJMXfL6o0&pp=QAFIYA%3D%3D, 30/06/2024 21:20:43, 200>
<64a4cea11f797d125c3bc9c0d654dcdc95b99e90bd8df33bb8b191a046f6dc82a1bb4519002fbb85c2987c30593f1493ea67bf8158c553d6a4ab32d5887a7b69, https://www.youtube.com/watch?v=IYVjOfoU3uI&pp=QAFIYQ%3D%3D, 30/06/2024 21:20:44, 200>
<fc4660810dd36f1f6909e2854144b13645b0b1001e7f2d0baf8f4bf07f163cdd61a0c518a2cf5739927d1f328db828b1b5657910da0abd4e1d3e9808468b946b, https://www.youtube.com/watch?v=bs0SWXbty18&pp=QAFIYg%3D%3D, 30/06/2024 21:20:45, 200>
<0a04190aec06986be907b85a28159614d20098e7205c797fe4a700139ac1b984c9f60b0f394d2dda2da9ff1cfe28bdb42812a4b1aa776656d4f46669b6e34d56, https://www.youtube.com/watch?v=JTQcIR2ZxU4&pp=QAFIYw%3D%3D, 30/06/2024 21:20:46, 200>
<16c151601e0e7a59c76944f62d48dc17e65ded0119318d65083f0ac0b4f25834a32b7930fa4cd4271b13b01de417f86a377728a1dd4551f9f5d867f26b969ea7, https://www.youtube.com/watch?v=KkCXLABwHP0, 30/06/2024 21:21:14, 200>
<4fe18c21d4d3e8ec2b94bb0c7f20cc0099078df5ade445efb56c40245d5e93840319cc09759da3e4ef73506749b32b49e06e8fd00517fd6adce101d52d56dc38, https://www.youtube.com/watch?v=s1ax8Tx_Jz0&pp=QAFIAQ%3D%3D, 30/06/2024 21:21:15, 200>
<7d354033f8154e0816dc3665eececf76983a8f9e075ca5532291c43a542996553a9aa1748a3baf47fadfcf729c28017c03c93fca5a0426288196e53bae0555e5, https://www.youtube.com/watch?v=JTQcIR2ZxU4&pp=QAFIAg%3D%3D, 30/06/2024 21:21:16, 200>
<ff3856d92361169256c675768425f7594dc3abcad59f8336e47242e96a8a6884198f3372b59b20d3058bf42041e1729b74b98429257ebb20cd7208aefae324dd, https://www.youtube.com/watch?v=3LLnjRLrvLU&pp=QAFIAw%3D%3D, 30/06/2024 21:21:17, 200>
<55f604705d11cca281dc00f163bab7d37d4cf87f72c2c019a91a9f768688cca7d5677d4a62aa914cb42fdda3314d16a2dac8df00ede79bbeffde7fdd752e1814, https://www.youtube.com/watch?v=_qAJMXfL6o0&pp=QAFIBA%3D%3D, 30/06/2024 21:21:19, 200>
<4a4ed921b5a7c7efdc18ea6839253622310b816ee06a509f11303e3736a7459ac46ce7fae86c3db345e744d069ceece05c952365a08d76187ed08c15f7f55eb3, https://www.youtube.com/watch?v=0e3GPea1Tyg&pp=QAFIBQ%3D%3D, 30/06/2024 21:21:20, 200>
<5c2a2603aab30dc3a3cda253fb10ad9351a9b3fb5f5efc22969745ea99a8b2a48b2285ccc399872d69b768a524c6e1c5df836cc3fe34cbe50a631701d2d2a9b9, https://www.youtube.com/watch?v=FM7Z-Xq8Drc&pp=QAFIBg%3D%3D, 30/06/2024 21:21:21, 200>
<a6d62129a0926cffdd7cb74974a4253978ec41000d0a93b05ab81c70966562af91a305df27a7a9c4b937d70c6fc6b7e3cc6d0ead3af81a771af1efb407080780, https://www.youtube.com/watch?v=l-nMKJ5J3Uc&pp=QAFIBw%3D%3D, 30/06/2024 21:21:23, 200>
<18d0f8efa09c4c6e4511473bbfca0e9603d02d5ab5b0436b969a93fe8dfadd98afd10d731203e5379129728321b2a902470fd29f2ad5a2ff4fc08b9763f98d54, https://www.youtube.com/watch?v=QjvpjXdgugA&pp=QAFICA%3D%3D, 30/06/2024 21:21:24, 200>
<1a75abcc4c2a29021f9f5b2d32ce4734d86dc6f3c7c72d36c849f7ee5c37d426cb3ea8622236eaf6ef5f10b005ed23530abae5dfdc641b1c16b4eb2440023fc3, https://www.youtube.com/watch?v=0CTp1a-aCUM&pp=QAFICQ%3D%3D, 30/06/2024 21:21:25, 200>
<20c185508f14ee967f09ce070251fb53a024ff75d242bb64df67bc07caabcac4ac6d0e0833acd0b4213f7fe04ed237ac33971d2488a30c3c9c9b2fa0dc6d8464, https://www.youtube.com/watch?v=J_z-W4UVHkw&pp=QAFICg%3D%3D, 30/06/2024 21:21:27, 200>
<96df0ed906a1f042ab22e0bd58b9c0229f8cc2b81a69777bc32aaf875b51c26e5e372dd1f9c0719b81ae4755dc6a01d51a00f6de726a68e1f76c5da6cf5e0144, https://www.youtube.com/watch?v=65fN_OUawjk&pp=QAFICw%3D%3D, 30/06/2024 21:21:28, 200>
<d7176e84feb86c65108666ff7c53c2ad4b1ee574c822b097b44f0f679524746179ef6d54cd5ad93ebe53c7204504f5cbfe27b2474a46e670cf8bbbce2a7a7793, https://www.youtube.com/watch?v=J_z-W4UVHkw&pp=QAFIDA%3D%3D, 30/06/2024 21:21:29, 200>
<567ec37be8da38b8f4d013648d3bf46f45437af75bc03f0b6cd4a5d12cd0c8535a3b5ba14661ab75b66e8c0c8aec79dc74c23ebb1894629300c9d04effdf29ad, https://www.youtube.com/watch?v=kX3nB4PpJko&pp=QAFIDQ%3D%3D, 30/06/2024 21:21:30, 200>
<bb36dae85697de0be087ed0309660fbd55bbd8c61688c8e9a51cd485153604f357a31483f164285486b701806d7308233a540c6b7cc2aad6c3ecdd0b2368d329, https://www.youtube.com/watch?v=J_z-W4UVHkw&pp=QAFIDg%3D%3D, 30/06/2024 21:21:32, 200>
<aae002818371ac521c0056175cf5cdfc5ac0a35f22363801a79977f25d34087ce88f4590deb6cab7e016d6e33acf1582d5eac06f091275ed11825986f7adbd7c, https://www.youtube.com/watch?v=FM7Z-Xq8Drc&pp=QAFIDw%3D%3D, 30/06/2024 21:21:33, 200>
<ffed61eda0a1381885aae877844e844451ffd43a9671ecdb6b339a748f59aabf8fb5485c281e56a878195ebd3bd333ed3f8c302dc0d3849aeb327883e1c360cd, https://www.youtube.com/watch?v=l-nMKJ5J3Uc&pp=QAFIEA%3D%3D, 30/06/2024 21:21:34, 200>
<637ed23a47d3695333f3aabb673494b948bcb01b2fa8b05427db35e1a81807e79991f88755efc8988c297ef29a872a6e2d95329a45258e39d1344ec83a061c56, https://www.youtube.com/watch?v=J_z-W4UVHkw&pp=QAFIEQ%3D%3D, 30/06/2024 21:21:36, 200>
<d123f19eefd98c6483ad44acf967fba129a402b8f3bfc25b856fcabca616ed946ba82675759e1c013bb7f6eb17152c5ff12ffaee51aec91fc58b448bbe45ced8, https://www.youtube.com/watch?v=FM7Z-Xq8Drc&pp=QAFIEg%3D%3D, 30/06/2024 21:21:37, 200>
<b90ec7f2287d0ff57952ca9a3376e108cf1ae845605b38747de958ab512fe1d0b290946fb609bca96f78382cd459c747fe37b89518c29c64da3cfb97e1442cc3, https://www.youtube.com/watch?v=l-nMKJ5J3Uc&pp=QAFIEw%3D%3D, 30/06/2024 21:21:38, 200>
<b5f51eea21ce07a4ff4e29b6134e66386b89f19c7d22ac06c8011f6eb01e77c86302950f491d2515832d4f96dde0c0a52f977058a166cc977edf429ffc6c2281, https://www.youtube.com/watch?v=tnTPaLOaHz8&pp=QAFIFA%3D%3D, 30/06/2024 21:21:40, 200>
<2cfe93be34dc6c23604c10c418e25dc2c3b5a3a45dce255bc656d3b19d18bbfc23ff053d942f5933f741d480e85e718abe726dbd56f4be2e104e5f43cbe6a8af, https://www.youtube.com/watch?v=_qAJMXfL6o0&pp=QAFIFQ%3D%3D, 30/06/2024 21:21:41, 200>
<5a89ea15f69e511e74a52f5ebae5de1fc837b86b66e39084ec3bdfd28f56e51a8f3cddb7058ff28193c55e0a072ae837a96aa530668964e23abe9f368cd21ec6, https://www.youtube.com/watch?v=J_z-W4UVHkw&pp=QAFIFg%3D%3D, 30/06/2024 21:21:42, 200>
<bf378a424f9ad705b180aeb2b36de2e599d273805c0bb9bd165f46f611277fb84db0807953dce2ea0f97644ed05da5b6ba5b725d1c1c879b39c12cbb27a66a65, https://www.youtube.com/watch?v=FM7Z-Xq8Drc&pp=QAFIFw%3D%3D, 30/06/2024 21:21:43, 200>
<a8a960b26b0ae6587ab4bc17f2771e370765b1961168c73d3ea428bd29ad5bdfc26274cc715378430352f7e72763fc739be09fff27c94f4e0dc29fb24779d5b4, https://www.youtube.com/watch?v=l-nMKJ5J3Uc&pp=QAFIGA%3D%3D, 30/06/2024 21:21:45, 200>
<9fceab19bc26fd7986c82b20749f0476db0f700d17bd719957165c0bbf3e37b947e97ab3a334330a752c70ed7d6d0ed1141c50638636e62a3e771cd52245fe00, https://www.youtube.com/watch?v=QjvpjXdgugA&pp=QAFIGQ%3D%3D, 30/06/2024 21:21:46, 200>
<a88f2f9bdba5c8df6cf5eb9066954d5d980a3ec600b67fce679e82f2ef811212d52181c02f245411a36e31920de7887208db28dff89e1dea3a1143d5bbba2d94, https://www.youtube.com/watch?v=9RhWXPcKBI8&pp=QAFIGg%3D%3D, 30/06/2024 21:21:48, 200>
<f6e25023d0279f9165f97e7077ed831c2a39fca373c58912470a8b1cd28b71bed867f1588db6b917934dd4f682b515359ebb3302808950b57fbedb1761fdd61b, https://www.youtube.com/watch?v=QjvpjXdgugA&pp=QAFIGw%3D%3D, 30/06/2024 21:21:49, 200>
<498f595fa5f29215ee84c4bab8ea17289ca336c95aa0b519b88f50363a7abbb53a245fc67180cfe1e93623167b5f1dcef4d7241a4031dc5fbabe64cebcdcb98e, https://www.youtube.com/watch?v=J_z-W4UVHkw&pp=QAFIHA%3D%3D, 30/06/2024 21:21:50, 200>
<fb9ea27eea4ea587d7fc439003ce24b7031eec3ad98af4aa398099406cbd137fe90d6c993c1bcd262d7e7cdc36909bef1fc3c9fe84e2c037c673e1efa50ae026, https://www.youtube.com/watch?v=FM7Z-Xq8Drc&pp=QAFIHQ%3D%3D, 30/06/2024 21:21:51, 200>
<48bf08870bf905545af042c125530b0d6ae881e903e6bf821ac4bb341edb941966a99680101707d8ab637c42c3bd64795c3509e278b1305f23f5323f3a4af569, https://www.youtube.com/watch?v=xhKMwGozbic, 30/06/2024 21:21:52, 200>
<e8edacfe91fe6aa9f15976de3c11d08cd94e070bdc72eb172c7a482cd2a7d1edc0831f33a2de8c6fc2a342d60ef5dc95eec4dff366225c79657d860644f5d546, https://www.youtube.com/watch?v=XfTAXRiR3nk&pp=QAFIAQ%3D%3D, 30/06/2024 21:21:54, 200>
<4e25cbef1a5f15ad900f83c8ff5beca8edb32a0e4d471876d70169b7a3799b3a7240f8c2351d59eed556c8bb88d374d087d6a6c3ecd9e35cc2804e82118d97e2, https://www.youtube.com/watch?v=WU6w4XoWYuI&pp=QAFIAg%3D%3D, 30/06/2024 21:21:55, 200>
<2792f1818666d9cb1e230d66cdc6319e6c425df4f9ab62d09e6bd6ee5d53e7222e158b3b8692b1e956a7ff274989e91bbfba62c423cd8575cc60cd54d82f9ec1, https://www.youtube.com/watch?v=XfTAXRiR3nk&pp=QAFIAw%3D%3D, 30/06/2024 21:21:56, 200>
<d95ff613fe99cc0bf511f01dac44aff717cf907f5e05eba4c56f403463124ed3a58d625d644dc019b5eff49f813403880f05b4a3962adc3a107a881a98bcf2af, https://www.youtube.com/watch?v=0BeckXNvu2Q&pp=QAFIBA%3D%3D, 30/06/2024 21:21:57, 200>
<973eb9c5aec1eda0988aea2f575daf490c3eabf89921011167e9f84a3e56351fb9d7a2e4787e11598b1d31b36a9f636395b7d9933d489f180df8cdd1baffca1c, https://www.youtube.com/watch?v=XfTAXRiR3nk&pp=QAFIBQ%3D%3D, 30/06/2024 21:21:58, 200>
<5973223e84d35d30bcbb47574f3eccaef62e745484366149a74ff0b1ace1306b9b42358ce1d9643e87793f35af6d27c98b93ff2f197a3ea075c1105640b281c7, https://www.youtube.com/watch?v=0BeckXNvu2Q&pp=QAFIBg%3D%3D, 30/06/2024 21:22:00, 200>
<9bd8ce45060339fcd0eaf48f35c90b560b4916521620e558348beb74f54ba3a83a09a2a8f871c00d2d40f88f88254ecce193b217fa62394d8cb932b1a345c57b, https://www.youtube.com/watch?v=XfTAXRiR3nk&pp=QAFIBw%3D%3D, 30/06/2024 21:22:01, 200>
<167f1f4f080e7fa5a96f9a5943f7a4ef49018e0c1e5e0f050f7d19827f1b7d085794368ddd8cb5e7c4147bbbb639a45cfa348dad7b91cee11166e7025ca54753, https://www.youtube.com/watch?v=0BeckXNvu2Q&pp=QAFICA%3D%3D, 30/06/2024 21:22:02, 200>
<7b861cfa4fe6cd231e230cca7342f0866c18096b6ad58147255ca5ab95250c68dca4a2ae6b08d7546a4c99bd4650bf52d01384ffcc9f2aa0ddd37bcbe0a66c82, https://www.youtube.com/watch?v=XfTAXRiR3nk&pp=QAFICQ%3D%3D, 30/06/2024 21:22:04, 200>
<db88e9cd4b827c5836a0f688d94a4fa484436a0c5e9a01407fb9d0b3b9a030ed245fb6ae862865e28113fa3f34106d6126aab4c422df210021fb9f9d9105b93b, https://www.youtube.com/watch?v=0BeckXNvu2Q&pp=QAFICg%3D%3D, 30/06/2024 21:22:05, 200>
<7b3e22b8c608e3960786fd801212a95dee0377b9aea4fd232b04c966bfff13ce9fd98f7c5b769d75e71b6b314e9ca2c93469993df27ec8f616daaefe93a10cb6, https://www.youtube.com/watch?v=XfTAXRiR3nk&pp=QAFICw%3D%3D, 30/06/2024 21:22:06, 200>
<d3c30961c35ad2576cadc40a6fa308609a420c8381a5764595adb4e2fb73d8b0e34b7a2021dccd58859e53403ebd33319cb20e821531f70933263fb3596f0285, https://www.youtube.com/watch?v=0BeckXNvu2Q&pp=QAFIDA%3D%3D, 30/06/2024 21:22:07, 200>
<c4fdaca5b199a5560da6d5cf1adef3257d1c4fe9d0a9771416f0ae20f05754c1e469baf8ae5b586e5397bd9e0b093aea79eeecc52a58190013fe4f305f39fa28, https://www.youtube.com/watch?v=XfTAXRiR3nk&pp=QAFIDQ%3D%3D, 30/06/2024 21:22:08, 200>
<70efcdf104b2243116adb681902408a28fa20ca9e4edb0fa52a14eb353e430dae237eede9e322fe949142795ae8b7e601da32d53f6a37e97a162803365caa8df, https://www.youtube.com/watch?v=0BeckXNvu2Q&pp=QAFIDg%3D%3D, 30/06/2024 21:22:10, 200>
<2dc0e67debc71b0eb9108dc180a7b5d15dfc4aa66f61bb8ed8f08e877d03bab8f55a292592f91d6a577f1d39adde6f4b8186ca7a7c010199521b870bd49b6805, https://www.youtube.com/watch?v=XfTAXRiR3nk&pp=QAFIDw%3D%3D, 30/06/2024 21:22:11, 200>
<ebdba36773da66f1b42bb16a1b24a86113919a57f0acc0d8e532d699b14dec124b0743453acdd522acf7db31df85598a99f1dbdcd8f5c6bec68c62cb62e0c7ad, https://www.youtube.com/watch?v=dOdF88M8Lu4&pp=QAFIEA%3D%3D, 30/06/2024 21:22:12, 200>
<15ee9af574d17783131e1f6d78900228c9016dfda130d7edf732aa6a53a5dba4a278c0e2a87e0460b9986197ad30246abf4400a6bc5f3ed553bdee60baf8291c, https://www.youtube.com/watch?v=XfTAXRiR3nk&pp=QAFIEQ%3D%3D, 30/06/2024 21:22:13, 200>
<ab345cea43fa6fffc74af0863e66dbf346013133c39510a0818cb2b7d3e9566454ecc0e2fc5c051c90b3a8bcffe9861839e04c991e5c14eb83bc9318c4054534, https://www.youtube.com/watch?v=0BeckXNvu2Q&pp=QAFIEg%3D%3D, 30/06/2024 21:22:14, 200>
<129e971156b6464473f311456e46a76c0d745b1a36ef6d20d380e55fa40f607e7429fa23e1a4fd9034f3da10a677ebf9266bb63d8fb7f311f936d2738e341c71, https://www.youtube.com/watch?v=XfTAXRiR3nk&pp=QAFIEw%3D%3D, 30/06/2024 21:22:16, 200>
<7c9d43163b6eb24d85b391e757b8136fb9dc6d0469043fe7224d3f43e39137d8a162ee98cd24a6d8b2f4d4cbc8b6d042aae5a0ed8bb7e8fc67dbfe10107447d2, https://www.youtube.com/watch?v=0BeckXNvu2Q&pp=QAFIFA%3D%3D, 30/06/2024 21:22:17, 200>
<48eb98ea918cfb74761bc2adc5160626379d5037c8673930fa6fb7723299572773462d933e3b1ea11cc5d8dcee6b2d58847f077f63e03d062c0bdd1d49196d2e, https://www.youtube.com/watch?v=XfTAXRiR3nk&pp=QAFIFQ%3D%3D, 30/06/2024 21:22:18, 200>
<2819151e1721d1d85d1f2ff05faaba6ab589c0888b8b0db75e22de8e19accdcdf456cc6c4977f1fb957b896bae3a99c130300fc341972f427b9ce196ddc170d8, https://www.youtube.com/watch?v=0BeckXNvu2Q&pp=QAFIFg%3D%3D, 30/06/2024 21:22:19, 200>
<accafbab82c4f6466bc2352036ab2b025a6035fb61e5f67ff8d1bff497ee1d681406a62057764553f9953995571a8133c41788ad928e1aca19e365ab219cd63e, https://www.youtube.com/watch?v=XfTAXRiR3nk&pp=QAFIFw%3D%3D, 30/06/2024 21:22:21, 200>
<fb68d41c78aff038f31be9627b8c747d1bd241ba26b16706ba2c34d8826a42f99fe0b8e47899e00757dab2adad56c1e7bcd62fbbe3573d3abfd0d75de8c2d5ba, https://www.youtube.com/watch?v=0BeckXNvu2Q&pp=QAFIGA%3D%3D, 30/06/2024 21:22:22, 200>
<891ce51b407e10fd0fed1fe7502b66fee0b2a601d16ac01a4f1022d784661c712f2d6c1bcca2fa0cf92c05c1f231c46ab9bc8ed4c3965c340cde6bfaf061952b, https://www.youtube.com/watch?v=XfTAXRiR3nk&pp=QAFIGQ%3D%3D, 30/06/2024 21:22:23, 200>
<5614283d24219ca59e56f589c0368ebe51312b59f79e52c0bbedee4d7bb89524aa3d596448c24dc53dd35049e7777e88f65285c325bcf83b6f5a419c18cecfac, https://www.youtube.com/watch?v=0BeckXNvu2Q&pp=QAFIGg%3D%3D, 30/06/2024 21:22:24, 200>
<02f8eaf0264b12aaa310159cc794bdb911dac3a645f67f74e2c65516ad92f3d82215af652c0ba1a11aca5f2b04ba6bc77f996c67ca289492be88c01355f8e6fe, https://www.youtube.com/watch?v=XfTAXRiR3nk&pp=QAFIGw%3D%3D, 30/06/2024 21:22:25, 200>
<06d87e60412e43c57af631fc81d3223aa6428d6257049a571d6e3857f6413d20af228e66e5083dcd52cb089d8d6a4dc8004a50e6a3b7fae0f6c7bd40d80b6c3d, https://www.youtube.com/watch?v=0BeckXNvu2Q&pp=QAFIHA%3D%3D, 30/06/2024 21:22:27, 200>
<88103f003a0bbe24c8a8a28559cced067bfea09ffbda88e558dd753dc5a8bea6420762f67bc2d131ae9c5497828dd4e174e43023436031e89eb117cd15bb49ef, https://www.youtube.com/watch?v=XfTAXRiR3nk&pp=QAFIHQ%3D%3D, 30/06/2024 21:22:28, 200>
<c5ffd518c468629c8e0a15542208570fbc504963629f9cd1daf21afcad12ac785154c7c928b801b51f7968ed3e009e6dad3aa2ddc4bfa9e8fee87d582f5ad8c4, https://www.youtube.com/watch?v=0BeckXNvu2Q&pp=QAFIHg%3D%3D, 30/06/2024 21:22:29, 200>
<f05d75121f77be12423668b5352391d8be15efd9d49c4003ad961f66b1bdbaf0cc21bf75badd623a680dcb7b5e8d88fba04842ba83aa14097b7ee769ab92b2b3, https://www.youtube.com/watch?v=XfTAXRiR3nk&pp=QAFIHw%3D%3D, 30/06/2024 21:22:30, 200>
<11f0dbe3ae22c73e76136212cab570067c31856d5bfaf61b9f49d2cfe1a0f0c6d8b39505081691917d7f3222b2782600db00a3186166c72f2392cc03dd4ebeb6, https://www.youtube.com/watch?v=0BeckXNvu2Q&pp=QAFIIA%3D%3D, 30/06/2024 21:22:31, 200>
<0ec6cb16f3924aff51e731568835d5f93146de0338978d422c250ee79230a149b9b097f190bc40f04bd7968df3bdbb74325aae6a36e87a3d745bf602b2b9608f, https://www.youtube.com/watch?v=XfTAXRiR3nk&pp=QAFIIQ%3D%3D, 30/06/2024 21:22:33, 200>
<86ae1e41e2a0dcec50805152399528a66007b3aa3d7188bc2bfc1fb5952e978823eac3a0de000bd41171a0466f029b2376c1cea56b509ba223e2374c9e8274ed, https://www.youtube.com/watch?v=0BeckXNvu2Q&pp=QAFIIg%3D%3D, 30/06/2024 21:22:34, 200>
<62910b86398c450c13006417badd6b31169d934de51677084d9abc54db393ccefe15657787802db385f808d3f12354487833a24540fa09f45c253936a7708954, https://www.youtube.com/watch?v=XfTAXRiR3nk&pp=QAFIIw%3D%3D, 30/06/2024 21:22:35, 200>
<78526768f5ca3ecf4fda29008663a1a9be13824c56b1d3ff3652470eaccaf90687652fbd92e16cb0122cbbf7c68cf2121885b7590ce5c3784831269fc80bd7d6, https://www.youtube.com/watch?v=0BeckXNvu2Q&pp=QAFIJA%3D%3D, 30/06/2024 21:22:36, 200>
<f27134d50761434c3108ccee1cec1a3804cc401fa39bd810c3be49fd493e9515719d1c636cac9d59fb75edf28f65199d3a5ad65901af3c4e81a29a552481f3b1, https://www.youtube.com/watch?v=XfTAXRiR3nk&pp=QAFIJQ%3D%3D, 30/06/2024 21:22:38, 200>
<4b3b3a01f7ef8d129610b43f04e69f8e3e57b9a9c598e4552115da8101c058c102ef13dbfa42cc76d0bfd5c47132d4d81c69307193c34d69ce1b2c204e9bce92, https://www.youtube.com/watch?v=0BeckXNvu2Q&pp=QAFIJg%3D%3D, 30/06/2024 21:22:39, 200>
<2bb474228638b6dd612a47d5a90668b2eb74f3b0f22afa7556f6015c1876d9862859f78545c08d04b335e5144704394c28e4bd8260b6bdf3623c8abcdc8bbebc, https://www.youtube.com/watch?v=XfTAXRiR3nk&pp=QAFIJw%3D%3D, 30/06/2024 21:22:40, 200>
<9c404b25178f3c38236a059564458c60d9a581232e6a6113fe2c480c4ea8fbefd6b32fc420e177b37b9cb1a3b2e9469a6892d4a62fbc8d3f3e57329719baa0b8, https://www.youtube.com/watch?v=0BeckXNvu2Q&pp=QAFIKA%3D%3D, 30/06/2024 21:22:41, 200>
<dd108d6a8e0ef6b4694774bb5dcabacd3f008620f40b3ade726fb3e1a8ffed3c4fdb33475b0990b37d628ea14d1f413fe1cac9f3348c9a9decdb617fc3e0de3c, https://www.youtube.com/watch?v=XfTAXRiR3nk&pp=QAFIKQ%3D%3D, 30/06/2024 21:22:43, 200>
<f88824f0c4f6507bae6551ba3964c49f58cedc1c450f979b2b5423609cd27c94c1bf143b34883cb088bd5eda2fc9bc40d13e1689b8080da26cb9c832769358b2, https://www.youtube.com/watch?v=JVoBoUvV788&pp=QAFIKg%3D%3D, 30/06/2024 21:22:44, 200>
<d01005eb0d5917fd7155d33087b66251025a703e54ec46e718ef6cf36a9b44d20524e13d1be52280c93aa7fc83f92bfeef93e3cba299b87ce1bc9e4aea63a1aa, https://www.youtube.com/watch?v=l7DSz3ZDUHs, 01/07/2024 16:46:08, 200>
<112289195c580fd685ff5b6c4ba37b727eff91b89ee51299dd88ffe323e956293701295046003d62739f2e0718f800b5fdaaa6ba1cbeb7624e78f4552045a157, https://www.youtube.com/watch?v=Cqz2U-6G08s, 01/07/2024 16:46:10, 200>
<8a5257e500e4fe14e2e05bb123d7e0aaef2ae32f9ef94430bc12e259588e1f94abf6c742bcfd7dbf8cab7d9bf6e966de02bc8dc2c8e4af1385fd2a5cab6c8774, https://www.youtube.com/watch?v=BGUxBmCMMGI, 01/07/2024 16:46:11, 200>
<d01005eb0d5917fd7155d33087b66251025a703e54ec46e718ef6cf36a9b44d20524e13d1be52280c93aa7fc83f92bfeef93e3cba299b87ce1bc9e4aea63a1aa, https://www.youtube.com/watch?v=l7DSz3ZDUHs, 01/07/2024 16:47:42, 200>
<112289195c580fd685ff5b6c4ba37b727eff91b89ee51299dd88ffe323e956293701295046003d62739f2e0718f800b5fdaaa6ba1cbeb7624e78f4552045a157, https://www.youtube.com/watch?v=Cqz2U-6G08s, 01/07/2024 16:47:43, 200>
<8a5257e500e4fe14e2e05bb123d7e0aaef2ae32f9ef94430bc12e259588e1f94abf6c742bcfd7dbf8cab7d9bf6e966de02bc8dc2c8e4af1385fd2a5cab6c8774, https://www.youtube.com/watch?v=BGUxBmCMMGI, 01/07/2024 16:47:45, 200>
<d01005eb0d5917fd7155d33087b66251025a703e54ec46e718ef6cf36a9b44d20524e13d1be52280c93aa7fc83f92bfeef93e3cba299b87ce1bc9e4aea63a1aa, https://www.youtube.com/watch?v=l7DSz3ZDUHs, 01/07/2024 16:54:47, 200>
<5c47a31b93f76107c908a8770ba782eaeb5c322e322d00d60779bd4d1c7648f54f7572e813e330a4e4b93b4335fdf5f0622ccc0f27f8435c2d339d1b4c84e753, https://www.youtube.com/watch?v=TJohEDj0KPk&pp=QAFIAQ%3D%3D, 01/07/2024 16:54:48, 200>
<1a6be9f0031f0e134b17f922f1ede4561d2a6416484936393714a5c96675de0151d80af7697a376d86cec998b74c186a9ee2615b005cab21b9e5ff1ef1ee1108, https://www.youtube.com/watch?v=Gl7m0cVa37k&pp=QAFIAg%3D%3D, 01/07/2024 16:54:49, 200>
<9ace95769621ae5dd1d0fcf4bb48ef8d1e32051bdf555ebe628da184b6a0878d5b003f5373ebc112ad18a20d0d40b811b13d1fb2754969ea88601ec95e2f281a, https://www.youtube.com/watch?v=kjI9vD9PCtM&pp=QAFIAw%3D%3D, 01/07/2024 16:54:50, 200>
<749aeef6eaaeaf507f5f8546150169159c72a924d9a8f0d9130f345ef6f35ef8f7984fcc1372352f0507332adc5b738f0dd2072abeb0d8ba92cb7f16b453e33d, https://www.youtube.com/watch?v=gbTOhKBOIO4&pp=QAFIBA%3D%3D, 01/07/2024 16:54:52, 200>
<775143268e4ae448044b4842c9911188bf2f9a4b0caa053c197d47de39a804938980622cda796ff448b1cc1de3a59d9953d952c39d26694cb2e457ebfc578b37, https://www.youtube.com/watch?v=munhniv0UOA&pp=QAFIBQ%3D%3D, 01/07/2024 16:54:53, 200>
<9703eeca618bb52383125e6c9da036fa4cda072961d4d2fde1a0382add1af35d4ea4122833334a5438a0755e031f913bfd7a862089dbb074b280e816eaae03c8, https://www.youtube.com/watch?v=gbTOhKBOIO4&pp=QAFIBg%3D%3D, 01/07/2024 16:54:54, 200>
<198f847939aae95b6314f31b7b626a3264bd26816d1c238f68c67e2e8b441970f979329eb38d424d31db442e61217b6f476ba849e898aba5597ec8dfb996a0c3, https://www.youtube.com/watch?v=munhniv0UOA&pp=QAFIBw%3D%3D, 01/07/2024 16:54:55, 200>
<c67a1b4e048d3865fd6609d0c95c5e00e78049cd5d21bca519a0faf6927a890fb8a69c4afef4e664e31f8a2e54935b2563ed4f0bc12b569b1d8d783becf1fa8c, https://www.youtube.com/watch?v=gbTOhKBOIO4&pp=QAFICA%3D%3D, 01/07/2024 16:54:57, 200>
<d197dd7752d08ca95048d514488e8654987f4b9767d00d31733e97fccbc37d3d8b155073d938ff4ade8cf274ff9e19fe3e35ca9b397368e17ed7badc06a3e688, https://www.youtube.com/watch?v=munhniv0UOA&pp=QAFICQ%3D%3D, 01/07/2024 16:54:58, 200>
<112289195c580fd685ff5b6c4ba37b727eff91b89ee51299dd88ffe323e956293701295046003d62739f2e0718f800b5fdaaa6ba1cbeb7624e78f4552045a157, https://www.youtube.com/watch?v=Cqz2U-6G08s, 01/07/2024 16:54:59, 200>
<5c47a31b93f76107c908a8770ba782eaeb5c322e322d00d60779bd4d1c7648f54f7572e813e330a4e4b93b4335fdf5f0622ccc0f27f8435c2d339d1b4c84e753, https://www.youtube.com/watch?v=TJohEDj0KPk&pp=QAFIAQ%3D%3D, 01/07/2024 16:55:00, 200>
<1a6be9f0031f0e134b17f922f1ede4561d2a6416484936393714a5c96675de0151d80af7697a376d86cec998b74c186a9ee2615b005cab21b9e5ff1ef1ee1108, https://www.youtube.com/watch?v=Gl7m0cVa37k&pp=QAFIAg%3D%3D, 01/07/2024 16:55:02, 200>
<4e765eef81211cd5840990266b80b04aa4c1d12048f56621dcb0b80e7cc87a1ea7eefc15af4d5e2de436374398d5e68ace671ea71dd5c70e269243e95a791c61, https://www.youtube.com/watch?v=fBgAL3P9wHc&pp=QAFIAw%3D%3D, 01/07/2024 16:55:03, 200>
<1419d2b587f05e9422e557c07eb238b3726b32311878419aed08940206373c7029849c299586bf165ec21cd3cf5e7e2ddcf8f00ff3877728b384c652808efdd0, https://www.youtube.com/watch?v=F-5LhG9UBsQ&pp=QAFIBA%3D%3D, 01/07/2024 16:55:04, 200>
<30cee3a5ce2bed79da8ff9695633d86316a3d527f5f2ebfafbc62973c57099890219535cf3fe6ff64a63a26e6583c3f8f1d6d81f05977dc71531926b1fe02775, https://www.youtube.com/watch?v=qAm83gvLtEc&pp=QAFIBQ%3D%3D, 01/07/2024 16:55:06, 200>
<af3724495b0ec564af4f69af06a5e80c9180a33ebdcc7711c86a035ac381a5e7ebba747c4618f984c90502792ccb0f1eac7aa6ef98af5120557e711bafde4cbd, https://www.youtube.com/watch?v=F-5LhG9UBsQ&pp=QAFIBg%3D%3D, 01/07/2024 16:55:07, 200>
<bd1bc4ee94ead14c1bce6e92a07db3e5a91a25a9f032f163c4c58c905f1769afbd9b9329593a2d1e3fedca09f2e823e97794c60cc74476bbd2e6bea20c232e98, https://www.youtube.com/watch?v=Ymb1WbwSavU&pp=QAFIBw%3D%3D, 01/07/2024 16:55:08, 200>
<26117f5618fac4e446f442a3f1f59f2ab91505c04aef59ebeffed6379cef301cb08f7dbc71f81b6282a499fef64fdd5fa71ef9cb595fd7ed34b92374e7d5edb6, https://www.youtube.com/watch?v=o5G7vErkO1A&pp=QAFICA%3D%3D, 01/07/2024 16:55:09, 200>
<058203dc4f2f82fb94eb42990606359753f8f3edefe8beda4bea1d816b66cda437c763f15b62d18b8427f72a40674b16a44e3650806aa3f3961261797ece2fce, https://www.youtube.com/watch?v=jmV07Rch2-U&pp=QAFICQ%3D%3D, 01/07/2024 16:55:11, 200>
<8a5257e500e4fe14e2e05bb123d7e0aaef2ae32f9ef94430bc12e259588e1f94abf6c742bcfd7dbf8cab7d9bf6e966de02bc8dc2c8e4af1385fd2a5cab6c8774, https://www.youtube.com/watch?v=BGUxBmCMMGI, 01/07/2024 16:55:12, 200>
<4e63eb91acc0776e5413652308395a61b64ea7d8fc49ed542dcb8475864b15336e0032c3872bc6ebf0ce3b3906684f3b6dfad1246d0169490667a0540ea1bed4, https://www.youtube.com/watch?v=lfJK6CCYNdc&pp=QAFIAQ%3D%3D, 01/07/2024 16:55:13, 200>
<2774a757e06bbfbf531c09379415b029f93853bea0f5f620c6565e590ecca65d5e52028a371d1646a04b77466314499de920c03d7271650898986a717efbf25e, https://www.youtube.com/watch?v=6J6QJ6HB4wY&pp=QAFIAg%3D%3D, 01/07/2024 16:55:15, 200>
<86671279df15b9d6bab6508527c70ad45d8b998d738e6a5aa6bdb2363bf0a528a2444ee5b06bd1067bbf22ab9096a805e21b5f1ba5e08bc7bf1020fad91482e9, https://www.youtube.com/watch?v=JcvAnIxmwcI&pp=QAFIAw%3D%3D, 01/07/2024 16:55:16, 200>
<3aa45521e31108f2c83bbfa6d64ab101226031c9c8ff31488b12e136c50a89afab438a4675f035164f82877fecc20093edd4910bb2b7e43590fb6ece1c54eb56, https://www.youtube.com/watch?v=c4hWR3T0J0s&pp=QAFIBA%3D%3D, 01/07/2024 16:55:17, 200>
<d042c1cac8ab6910bcb62dc106335989f2080d31f70d7ba1960b5130d35c2be1c9192c895b5530cca569d91ec825aa336a4d55a407b089be312b5ce258307db2, https://www.youtube.com/watch?v=EB9OaHTh06I&pp=QAFIBQ%3D%3D, 01/07/2024 16:55:18, 200>
<81b9ec367e5962345f353b4b495fa6adda808e3645d37afd6c7146eb3585cbb82a766efa87f0276aa29de4df350ea42c11425fdea3b536e1479404965526b610, https://www.youtube.com/watch?v=_JYDeZ9Vp3A&pp=QAFIBg%3D%3D, 01/07/2024 16:55:20, 200>
<be36665a8139d344e2052cc2a95a619ac37f4e1ecaf20054f170804106a792b2803d66e2cbf7e5f78865f52e3c0bbe70e5a2eea8ee4b1f6949c9e7d19d05f0b1, https://www.youtube.com/watch?v=LbElHhpzjMw&pp=QAFIBw%3D%3D, 01/07/2024 16:55:21, 200>
<b45f8c0c075eed85866067e25ff77122967c0c2dda49d1a879662ebf5ba5e80248efac7929fc893a4c4adf3a59533d1a450e9ef29d83466f1fee1814c80f39bd, https://www.youtube.com/watch?v=Habm6-3PsYw&pp=QAFICA%3D%3D, 01/07/2024 16:55:22, 200>
<e2b070ecde35c15eb3e332fc40a31d42e37a7c23ad0a6b18949e364bb121878ff747965c14c8b4d4a318d48427e349f0f517b0dd1274b92a6ab38141caeecd01, https://www.youtube.com/watch?v=xa8y5pJ2tKw&pp=QAFICQ%3D%3D, 01/07/2024 16:55:23, 200>
<d01005eb0d5917fd7155d33087b66251025a703e54ec46e718ef6cf36a9b44d20524e13d1be52280c93aa7fc83f92bfeef93e3cba299b87ce1bc9e4aea63a1aa, https://www.youtube.com/watch?v=l7DSz3ZDUHs, 01/07/2024 16:56:52, 200>
<112289195c580fd685ff5b6c4ba37b727eff91b89ee51299dd88ffe323e956293701295046003d62739f2e0718f800b5fdaaa6ba1cbeb7624e78f4552045a157, https://www.youtube.com/watch?v=Cqz2U-6G08s, 01/07/2024 16:56:53, 200>
<8a5257e500e4fe14e2e05bb123d7e0aaef2ae32f9ef94430bc12e259588e1f94abf6c742bcfd7dbf8cab7d9bf6e966de02bc8dc2c8e4af1385fd2a5cab6c8774, https://www.youtube.com/watch?v=BGUxBmCMMGI, 01/07/2024 16:56:54, 200>
<d02744e2b8c26864a8b20baa0f735050964cc4cc861c4c0f68d543dca2c784011d0ab81bee53fae9dc4b4202096f36f197907738f8cf751a1bc01eb01ddea338, https://www.youtube.com/watch?v=UShsgCOzER4, 01/07/2024 17:01:58, 200>
<deb17b31865510d714b0090ed96dde8cb9e495a713b820d273661caf07add40e8a3433e3a8d62247da73f8e9379587ef14eaf898dc8b685ff64467db1dc71bde, https://www.youtube.com/watch?v=7K9jWptv61M, 01/07/2024 17:01:59, 200>
<632fb9ef7ec3fe95396554465cacdfc2ba78dc9453b6faeb2a0de5aebd7c738e7a25126cbf0994327186d5f97c62e426b094095b5c356e626b19790b57dbfb5c, https://www.youtube.com/watch?v=PPtJDKCkGs4, 01/07/2024 17:02:01, 200>
<d02744e2b8c26864a8b20baa0f735050964cc4cc861c4c0f68d543dca2c784011d0ab81bee53fae9dc4b4202096f36f197907738f8cf751a1bc01eb01ddea338, https://www.youtube.com/watch?v=UShsgCOzER4, 01/07/2024 17:02:18, 200>
<deb17b31865510d714b0090ed96dde8cb9e495a713b820d273661caf07add40e8a3433e3a8d62247da73f8e9379587ef14eaf898dc8b685ff64467db1dc71bde, https://www.youtube.com/watch?v=7K9jWptv61M, 01/07/2024 17:02:20, 200>
<632fb9ef7ec3fe95396554465cacdfc2ba78dc9453b6faeb2a0de5aebd7c738e7a25126cbf0994327186d5f97c62e426b094095b5c356e626b19790b57dbfb5c, https://www.youtube.com/watch?v=PPtJDKCkGs4, 01/07/2024 17:02:21, 200>
<d02744e2b8c26864a8b20baa0f735050964cc4cc861c4c0f68d543dca2c784011d0ab81bee53fae9dc4b4202096f36f197907738f8cf751a1bc01eb01ddea338, https://www.youtube.com/watch?v=UShsgCOzER4, 01/07/2024 17:05:12, 200>
<deb17b31865510d714b0090ed96dde8cb9e495a713b820d273661caf07add40e8a3433e3a8d62247da73f8e9379587ef14eaf898dc8b685ff64467db1dc71bde, https://www.youtube.com/watch?v=7K9jWptv61M, 01/07/2024 17:05:13, 200>
<16c151601e0e7a59c76944f62d48dc17e65ded0119318d65083f0ac0b4f25834a32b7930fa4cd4271b13b01de417f86a377728a1dd4551f9f5d867f26b969ea7, https://www.youtube.com/watch?v=KkCXLABwHP0, 01/07/2024 17:05:15, 200>
<d02744e2b8c26864a8b20baa0f735050964cc4cc861c4c0f68d543dca2c784011d0ab81bee53fae9dc4b4202096f36f197907738f8cf751a1bc01eb01ddea338, https://www.youtube.com/watch?v=UShsgCOzER4, 01/07/2024 17:12:58, 200>
<deb17b31865510d714b0090ed96dde8cb9e495a713b820d273661caf07add40e8a3433e3a8d62247da73f8e9379587ef14eaf898dc8b685ff64467db1dc71bde, https://www.youtube.com/watch?v=7K9jWptv61M, 01/07/2024 17:13:00, 200>
<632fb9ef7ec3fe95396554465cacdfc2ba78dc9453b6faeb2a0de5aebd7c738e7a25126cbf0994327186d5f97c62e426b094095b5c356e626b19790b57dbfb5c, https://www.youtube.com/watch?v=PPtJDKCkGs4, 01/07/2024 17:13:01, 200>
<d02744e2b8c26864a8b20baa0f735050964cc4cc861c4c0f68d543dca2c784011d0ab81bee53fae9dc4b4202096f36f197907738f8cf751a1bc01eb01ddea338, https://www.youtube.com/watch?v=UShsgCOzER4, 01/07/2024 17:15:48, 200>
<deb17b31865510d714b0090ed96dde8cb9e495a713b820d273661caf07add40e8a3433e3a8d62247da73f8e9379587ef14eaf898dc8b685ff64467db1dc71bde, https://www.youtube.com/watch?v=7K9jWptv61M, 01/07/2024 17:15:49, 200>
<632fb9ef7ec3fe95396554465cacdfc2ba78dc9453b6faeb2a0de5aebd7c738e7a25126cbf0994327186d5f97c62e426b094095b5c356e626b19790b57dbfb5c, https://www.youtube.com/watch?v=PPtJDKCkGs4, 01/07/2024 17:15:50, 200>
<fe9c5a6be5ddd448f807fef83738d85625dc57a29780709304df4c3dbb06c817f3294c67737d1d254669e5511ae6d2d4ee9028c58b391924b9a44859ca51a15d, https://www.youtube.com/watch?v=qK2kldlnX4Q, 01/07/2024 17:15:52, 200>
<16c151601e0e7a59c76944f62d48dc17e65ded0119318d65083f0ac0b4f25834a32b7930fa4cd4271b13b01de417f86a377728a1dd4551f9f5d867f26b969ea7, https://www.youtube.com/watch?v=KkCXLABwHP0, 01/07/2024 17:15:53, 200>
<48bf08870bf905545af042c125530b0d6ae881e903e6bf821ac4bb341edb941966a99680101707d8ab637c42c3bd64795c3509e278b1305f23f5323f3a4af569, https://www.youtube.com/watch?v=xhKMwGozbic, 01/07/2024 17:15:54, 200>
<64727277217b2a1eeda2e417fc421e1587d539c7a9aa2876db0d497dfedf98917a49074a273eca35bc784310cb475494aeda50951e141ac170e52f4b6f68d723, https://www.youtube.com/watch?v=eJCHKjt0MPw, 01/07/2024 17:15:56, 200>
<6d0c94d4a8c214eaa09e325c15330026029a616bfdd27f83b9e90fcfc79e3ce362ebecfae881bae449895e8c5f5227a47fc93fd4333adcfd808d565d70f46d8c, https://www.youtube.com/watch?v=wyiZWYMilgk, 01/07/2024 17:15:57, 200>
<e2ff5375d34ab04a69c66c9a005206755aff358ee5f0f16bd51191062d9d7eca2763bdc331000d24611b1559b637bc4174f3535af73e8cdda308bc980ce3ab70, https://www.youtube.com/watch?v=yh_OnJwnzq4, 01/07/2024 17:15:58, 200>
<3b4a1a110653e834b5a8ae2d7050b2b8b8e8ceb11d4a99331179684b90ad5f1813834b0cd0c78308f363753cb920be6817f7d2b35ca593ab30c3d701e650e869, https://www.youtube.com/watch?v=M_VZoewWaH8, 01/07/2024 17:15:59, 200>
<e0a0ebc0a57960bc260a24e6354f283153af3e91f22ddfa5862598c432dc43b0490ff0f6f4a2282dbe5cfd14058a78a03f592c0920edca1af2b2a81f9e7d95c3, https://www.youtube.com/watch?v=N8eanZsd9o4, 01/07/2024 17:16:00, 200>
<d02744e2b8c26864a8b20baa0f735050964cc4cc861c4c0f68d543dca2c784011d0ab81bee53fae9dc4b4202096f36f197907738f8cf751a1bc01eb01ddea338, https://www.youtube.com/watch?v=UShsgCOzER4, 01/07/2024 17:16:08, 200>
<deb17b31865510d714b0090ed96dde8cb9e495a713b820d273661caf07add40e8a3433e3a8d62247da73f8e9379587ef14eaf898dc8b685ff64467db1dc71bde, https://www.youtube.com/watch?v=7K9jWptv61M, 01/07/2024 17:16:10, 200>
<632fb9ef7ec3fe95396554465cacdfc2ba78dc9453b6faeb2a0de5aebd7c738e7a25126cbf0994327186d5f97c62e426b094095b5c356e626b19790b57dbfb5c, https://www.youtube.com/watch?v=PPtJDKCkGs4, 01/07/2024 17:16:11, 200>
<d02744e2b8c26864a8b20baa0f735050964cc4cc861c4c0f68d543dca2c784011d0ab81bee53fae9dc4b4202096f36f197907738f8cf751a1bc01eb01ddea338, https://www.youtube.com/watch?v=UShsgCOzER4, 01/07/2024 17:16:19, 200>
<deb17b31865510d714b0090ed96dde8cb9e495a713b820d273661caf07add40e8a3433e3a8d62247da73f8e9379587ef14eaf898dc8b685ff64467db1dc71bde, https://www.youtube.com/watch?v=7K9jWptv61M, 01/07/2024 17:16:21, 200>
<632fb9ef7ec3fe95396554465cacdfc2ba78dc9453b6faeb2a0de5aebd7c738e7a25126cbf0994327186d5f97c62e426b094095b5c356e626b19790b57dbfb5c, https://www.youtube.com/watch?v=PPtJDKCkGs4, 01/07/2024 17:16:22, 200>
<fe9c5a6be5ddd448f807fef83738d85625dc57a29780709304df4c3dbb06c817f3294c67737d1d254669e5511ae6d2d4ee9028c58b391924b9a44859ca51a15d, https://www.youtube.com/watch?v=qK2kldlnX4Q, 01/07/2024 17:16:23, 200>
<16c151601e0e7a59c76944f62d48dc17e65ded0119318d65083f0ac0b4f25834a32b7930fa4cd4271b13b01de417f86a377728a1dd4551f9f5d867f26b969ea7, https://www.youtube.com/watch?v=KkCXLABwHP0, 01/07/2024 17:16:24, 200>
<48bf08870bf905545af042c125530b0d6ae881e903e6bf821ac4bb341edb941966a99680101707d8ab637c42c3bd64795c3509e278b1305f23f5323f3a4af569, https://www.youtube.com/watch?v=xhKMwGozbic, 01/07/2024 17:16:26, 200>
<64727277217b2a1eeda2e417fc421e1587d539c7a9aa2876db0d497dfedf98917a49074a273eca35bc784310cb475494aeda50951e141ac170e52f4b6f68d723, https://www.youtube.com/watch?v=eJCHKjt0MPw, 01/07/2024 17:16:27, 200>
<6d0c94d4a8c214eaa09e325c15330026029a616bfdd27f83b9e90fcfc79e3ce362ebecfae881bae449895e8c5f5227a47fc93fd4333adcfd808d565d70f46d8c, https://www.youtube.com/watch?v=wyiZWYMilgk, 01/07/2024 17:16:28, 200>
<e2ff5375d34ab04a69c66c9a005206755aff358ee5f0f16bd51191062d9d7eca2763bdc331000d24611b1559b637bc4174f3535af73e8cdda308bc980ce3ab70, https://www.youtube.com/watch?v=yh_OnJwnzq4, 01/07/2024 17:16:29, 200>
<3b4a1a110653e834b5a8ae2d7050b2b8b8e8ceb11d4a99331179684b90ad5f1813834b0cd0c78308f363753cb920be6817f7d2b35ca593ab30c3d701e650e869, https://www.youtube.com/watch?v=M_VZoewWaH8, 01/07/2024 17:16:30, 200>
<e0a0ebc0a57960bc260a24e6354f283153af3e91f22ddfa5862598c432dc43b0490ff0f6f4a2282dbe5cfd14058a78a03f592c0920edca1af2b2a81f9e7d95c3, https://www.youtube.com/watch?v=N8eanZsd9o4, 01/07/2024 17:16:32, 200>
<82b66ebd9526e62a22a95ece218890ed625feaaa22527da5cfda7df3e1defe49f6dfcd17d8964ac63f203e5cbe2e0aa8027532c8245d4d6556889adcdf69313b, https://www.youtube.com/watch?v=kM-94LhhQTs, 01/07/2024 17:16:33, 200>
<4b9c9e6105c309ea33d3543a0097cfd9728271822e4ce3d692e13ffe187e8c779259b1b8617c27f193457fedd9e3fa8bc7d979d32093c807cfe3d083083595f1, https://www.youtube.com/watch?v=IajeQM00yfE, 01/07/2024 17:16:34, 200>
<4412d4cc57e7ada688525b90732c9148d145ea2d52ba12a3aab09e258cf87d4e0c9f8b1ca041ec8100dd32b932f2fb0f161bde3117a09b64603a753d06883b2c, https://www.youtube.com/watch?v=XIeeCmQ6Plo, 01/07/2024 17:16:35, 200>
<b74e5304e47b69d91267fef237cbf6378f63c1ecb3fc5d8b56a97e9f724127051edee50ae1f9b842f4d09e6cf47df011d88a09a477766b994d27ed44faf1873c, https://www.youtube.com/watch?v=s-UXxaQdUew, 01/07/2024 17:16:36, 200>
<0180ce414e353b006ffe0b26008215ab2c6166f6ba937f6ecd935e30c0e8c01388b6ee7ce6e83401aee9e39d0dc42daa785b8a3fd1bd1961b7da2e2ec53845e6, https://www.youtube.com/watch?v=3k6DmZwxr4k, 01/07/2024 17:16:40, 200>
<d02744e2b8c26864a8b20baa0f735050964cc4cc861c4c0f68d543dca2c784011d0ab81bee53fae9dc4b4202096f36f197907738f8cf751a1bc01eb01ddea338, https://www.youtube.com/watch?v=UShsgCOzER4, 01/07/2024 17:17:03, 200>
<d02744e2b8c26864a8b20baa0f735050964cc4cc861c4c0f68d543dca2c784011d0ab81bee53fae9dc4b4202096f36f197907738f8cf751a1bc01eb01ddea338, https://www.youtube.com/watch?v=UShsgCOzER4, 01/07/2024 17:18:01, 200>
<d02744e2b8c26864a8b20baa0f735050964cc4cc861c4c0f68d543dca2c784011d0ab81bee53fae9dc4b4202096f36f197907738f8cf751a1bc01eb01ddea338, https://www.youtube.com/watch?v=UShsgCOzER4, 01/07/2024 17:19:15, 200>
<deb17b31865510d714b0090ed96dde8cb9e495a713b820d273661caf07add40e8a3433e3a8d62247da73f8e9379587ef14eaf898dc8b685ff64467db1dc71bde, https://www.youtube.com/watch?v=7K9jWptv61M, 01/07/2024 17:19:16, 200>
<632fb9ef7ec3fe95396554465cacdfc2ba78dc9453b6faeb2a0de5aebd7c738e7a25126cbf0994327186d5f97c62e426b094095b5c356e626b19790b57dbfb5c, https://www.youtube.com/watch?v=PPtJDKCkGs4, 01/07/2024 17:19:17, 200>
<fe9c5a6be5ddd448f807fef83738d85625dc57a29780709304df4c3dbb06c817f3294c67737d1d254669e5511ae6d2d4ee9028c58b391924b9a44859ca51a15d, https://www.youtube.com/watch?v=qK2kldlnX4Q, 01/07/2024 17:19:18, 200>
<16c151601e0e7a59c76944f62d48dc17e65ded0119318d65083f0ac0b4f25834a32b7930fa4cd4271b13b01de417f86a377728a1dd4551f9f5d867f26b969ea7, https://www.youtube.com/watch?v=KkCXLABwHP0, 01/07/2024 17:19:19, 200>
<48bf08870bf905545af042c125530b0d6ae881e903e6bf821ac4bb341edb941966a99680101707d8ab637c42c3bd64795c3509e278b1305f23f5323f3a4af569, https://www.youtube.com/watch?v=xhKMwGozbic, 01/07/2024 17:19:20, 200>
<64727277217b2a1eeda2e417fc421e1587d539c7a9aa2876db0d497dfedf98917a49074a273eca35bc784310cb475494aeda50951e141ac170e52f4b6f68d723, https://www.youtube.com/watch?v=eJCHKjt0MPw, 01/07/2024 17:19:21, 200>
<6d0c94d4a8c214eaa09e325c15330026029a616bfdd27f83b9e90fcfc79e3ce362ebecfae881bae449895e8c5f5227a47fc93fd4333adcfd808d565d70f46d8c, https://www.youtube.com/watch?v=wyiZWYMilgk, 01/07/2024 17:19:22, 200>
<e2ff5375d34ab04a69c66c9a005206755aff358ee5f0f16bd51191062d9d7eca2763bdc331000d24611b1559b637bc4174f3535af73e8cdda308bc980ce3ab70, https://www.youtube.com/watch?v=yh_OnJwnzq4, 01/07/2024 17:19:24, 200>
<3b4a1a110653e834b5a8ae2d7050b2b8b8e8ceb11d4a99331179684b90ad5f1813834b0cd0c78308f363753cb920be6817f7d2b35ca593ab30c3d701e650e869, https://www.youtube.com/watch?v=M_VZoewWaH8, 01/07/2024 17:19:25, 200>
<e0a0ebc0a57960bc260a24e6354f283153af3e91f22ddfa5862598c432dc43b0490ff0f6f4a2282dbe5cfd14058a78a03f592c0920edca1af2b2a81f9e7d95c3, https://www.youtube.com/watch?v=N8eanZsd9o4, 01/07/2024 17:19:26, 200>
<82b66ebd9526e62a22a95ece218890ed625feaaa22527da5cfda7df3e1defe49f6dfcd17d8964ac63f203e5cbe2e0aa8027532c8245d4d6556889adcdf69313b, https://www.youtube.com/watch?v=kM-94LhhQTs, 01/07/2024 17:19:27, 200>
<4b9c9e6105c309ea33d3543a0097cfd9728271822e4ce3d692e13ffe187e8c779259b1b8617c27f193457fedd9e3fa8bc7d979d32093c807cfe3d083083595f1, https://www.youtube.com/watch?v=IajeQM00yfE, 01/07/2024 17:19:28, 200>
<4412d4cc57e7ada688525b90732c9148d145ea2d52ba12a3aab09e258cf87d4e0c9f8b1ca041ec8100dd32b932f2fb0f161bde3117a09b64603a753d06883b2c, https://www.youtube.com/watch?v=XIeeCmQ6Plo, 01/07/2024 17:19:29, 200>
<b74e5304e47b69d91267fef237cbf6378f63c1ecb3fc5d8b56a97e9f724127051edee50ae1f9b842f4d09e6cf47df011d88a09a477766b994d27ed44faf1873c, https://www.youtube.com/watch?v=s-UXxaQdUew, 01/07/2024 17:19:31, 200>
<1bf9426fe0ce67b63690f3e0cd791770d7b911c02c0519ecd7da1658aa7323a067818fd7e059a10eca654077099fb14bd7f3d73af03ef86906947ee3675d1a6d, https://www.youtube.com/watch?v=uZ_O7PkUsu0, 01/07/2024 17:19:32, 200>
<f4c070d7528dbe2a0b3ca9848cb4e73b11279eb529da4d0d89ca9df3a0330de7be036f454f2d89bcfb6eae03dd454b12ad1493fa6696610845b1e8ae46351660, https://www.youtube.com/watch?v=mps1HbpECIA, 01/07/2024 17:19:33, 200>
<2998cf8f2e05e5e5172fd22c3ae827cb76bda062ca663064fbc95e1b16723319f606cd2df8a890a37b74ad00054054cc3c29c23b089c74ab16f5a2a3f328022f, https://www.youtube.com/watch?v=_3yNSErprac, 01/07/2024 17:19:34, 200>
<f59e022cb8dde4529d9bbee0968e97ba5699a17c6655222c3c75eec78b9bf1d17568887a4a0f5ad7783a092fe2ebcbcda9731e50ecab5999d402c01fbc299d8f, https://www.youtube.com/watch?v=V44EenldJQs, 01/07/2024 17:19:37, 200>
<41d954bccbff5582b297232e9dd693725d9244da5d2f0e9a2eb7ffce2713d4137afe98aa718eae5e15ef3ae364e65fc41dec0b2a50cb1f69011667b16f231f1d, https://www.youtube.com/watch?v=xnz_gwVZzN4, 01/07/2024 17:19:38, 200>
<855c8c5ec85b6d352da10ff87b85f2536eec6f01e948ccad1944a6d4d9c49e73af09d0b2c9f6905950adc01ab22ece4f919eed843daa6733f0ae6a55805fdc4d, https://www.youtube.com/watch?v=fx_NQRxuK6M, 01/07/2024 17:19:39, 200>
<1422d46ca767cad4e55002920733343094847a1183bed95a8cde780b5671695e65fa8111a8c53c350563c9f65ca96ed30601de8459a43cf321943b35d31c0826, https://www.youtube.com/watch?v=6KEqMEmyuIs, 01/07/2024 17:19:40, 200>
<2d3cd93e437a6776b3a9b5c33d9877a756b35ce4ba7dd9b29e8c43429e24238011849f42409015614a48676c47ed5fc88adc0fd5740a4f69230b6c620ca85549, https://www.youtube.com/watch?v=iA7ymY7uiFI, 01/07/2024 17:19:41, 200>
<02633d9d57817b27bcf276ed5d568cb6de9d5f084767b650afca0908e228711be04eecc96d349e227745030fd1ab5c6031429aa09fdbf29ab5827bc7df03f4a7, https://www.youtube.com/watch?v=qcRdELsuM3w, 01/07/2024 17:19:42, 200>
<0180ce414e353b006ffe0b26008215ab2c6166f6ba937f6ecd935e30c0e8c01388b6ee7ce6e83401aee9e39d0dc42daa785b8a3fd1bd1961b7da2e2ec53845e6, https://www.youtube.com/watch?v=3k6DmZwxr4k, 01/07/2024 17:19:44, 200>
<84af8f5272c4b6c0fffbf8831278c49d41e717904a123c31019a049869663b05b350eaf025a48525e1ac81a1da5c69c74da00e877cad59144052bd5ae35c1572, https://www.youtube.com/watch?v=oe9SIOI6Pcg, 01/07/2024 17:19:45, 200>
<b0895a6cf118b302a7e7c9ac7ad3c019a9daed26756905140b3a1d96a20d1b5899af80ceb6e83e668dcc3a8ec57c163883a192f3bf3a9b158fe143759b7a144a, https://www.youtube.com/watch?v=V3IVdLo-2NM, 01/07/2024 17:19:46, 200>
<a5d3cfc1a11c1592ec4f36a2d64d6dcf2af0a022fe59f5dbfb877fa3b05ce9d557469f158f899c0e5fe6fe5dc9f49cbec6f0a45857c8268b06baaa7da3c56d45, https://www.youtube.com/watch?v=h4LOYLL_xkQ, 01/07/2024 17:19:47, 200>
<335cf9cfab49bcabacd5456cedbb5611025f0b7ab17a14e2e87be02f7af73d0e359d880954b447b2279f76dcf0246e5811d1230bb1b629ea99fc2beb55ede35e, https://www.youtube.com/watch?v=wJr1rn0pYkw, 01/07/2024 17:19:48, 200>
<165e1538b1bf52e5750dd326a20efdfc162118a83fffd5beba1649ff56078f6a4fc5cc3f7c6eab43bccb466722d58798b2968e7395f1048f40adac48ac3f42d6, https://www.youtube.com/watch?v=vzd0HJFINws, 01/07/2024 17:19:49, 200>
<d512792f0d8acc7aab8a0ed8d5855f659918dbfbca30332a66e1ccca58f5c7d27a252d9ece9cac8ccc409d6dc45b373cd8d39bbc716c6ad47ca54068b33e6df2, https://www.youtube.com/watch?v=lnArLTmJa6w, 01/07/2024 17:19:50, 200>
<b68c222bd28d4b936c8e4a4b2d61260bc8a81cdd0d60b2cc7240f3d1ec24b827bd2c0b8deade037ce6a9106bd50c302f7c9a8612701675bd567849be717380fa, https://www.youtube.com/watch?v=n3brCJ6TLoA, 01/07/2024 17:19:52, 200>
<10f0e435a8a22f4e7fa83f0952d44c0a12ab92d270e455f2916a349bba845ba4154f408b5522259d3ccff80820347743ec062c769ec49daae755bbc8ab2b181e, https://www.youtube.com/watch?v=luwciJx9ZkE, 01/07/2024 17:19:53, 200>
<cb7b296773aacc50c46f62a981b3248ea2c07d834c894dcf520209dbcdab7c479214f6cab19a8241a1ec400e2f1134d17fc75d3e3aab83fd61051cd71878d56e, https://www.youtube.com/watch?v=BWIEs7Lqg3c, 01/07/2024 17:19:54, 200>
<8f510f9d6a8bc8b574a26e25955bc6c6e13da127308db8fe697a761e980f6fa401c674b53bfa913b79945496534cf0f1207e011f03d97324ea0d9de660457438, https://www.youtube.com/watch?v=ldTQoUxROzY, 01/07/2024 17:19:55, 200>
<66d502f42ebcba237a3310dd0dd3b802f07f36cab151d500c11256ec1d592adb2ee0d3f345ce14df86c5aca82574d84f5b3d5707e083e2f31c8502da534cd82b, https://www.youtube.com/watch?v=b0yb1zH2m7c, 01/07/2024 17:19:57, 200>
<fd1545e0a3e953b588cab1aa7854a9556b639db992f88a6dec12f67c17d72d1069a63748e621fe2734051f1077738af882c6904962d02e6cb8eacb63f0688a42, https://www.youtube.com/watch?v=xORJ6sQsMbE, 01/07/2024 17:19:58, 200>
<423e6f0fc75ed89c2a73feff0857f544a3b541d8f7416df838f078226d70139e32449730df60dd287f39980f2876b69664034a6708596cf8f768421fbd49c244, https://www.youtube.com/watch?v=IcTRjaEEB9A, 01/07/2024 17:19:59, 200>
<cde065b474c8ba171671dc341992ca22ca8e64001748f66e3305e91ad72b00a24f20352f5421aa5589bac4b9fad01914917361ecdcaf47b5892d559cfdfee057, https://www.youtube.com/watch?v=0Geyl341U0Y, 01/07/2024 17:20:00, 200>
<f4b802ef17d93bd1a2e9a148b7380f6de7eb42ee2d5b83267d692df3f8e88a3ad14fd1ad5c093829c241a888d7ae0efe6da1e8f6f657b30cb73b94c68e964836, https://www.youtube.com/watch?v=-v-8wJkmwBY, 01/07/2024 17:20:01, 200>
<57118ec76ff02ea097399db27676bd0cdc78566f6e93204985b200da3c0ce081569c8a4a99613e62a7540656b49d7982cce40065d96b5f2e4680102e0e2f427f, https://www.youtube.com/watch?v=YQvm5qxZTBg, 01/07/2024 17:20:02, 200>
<9af2837eb32cb42338c88afbebd10a86ef21bb5d247f0cceca9ea18d09ef8e19cf8eb877690c812c815edb5e0ddc65d9a2ee478c87d063830a4d0efc887ca76a, https://www.youtube.com/watch?v=vKKceAhXAWE, 01/07/2024 17:20:04, 200>
<28654d3cd1cacdef4a6dfb08b24cf2654a85162bb28bee6f73257e51cace95fcd210c15f4247e2812d46c64b0794086b4caec134105a51e2cb1f9573fa0efe8b, https://www.youtube.com/watch?v=mGbDQPuV-8M, 01/07/2024 17:20:05, 200>
<81129d2a88500d51245fb537839f865925dc0d8cd93b318ee579c1522043ccc103e836f7270182afcb8e4eb5b6383a77118da49f0c99e5abd52292d36090a6d2, https://www.youtube.com/watch?v=VEJWE6cpqw0, 01/07/2024 17:20:06, 200>
<afb7e035202f4bab146c7e1dcd4784077bfba736ac16230aa39ec7ceba258d58926073d2e2baf24d52719c40f25d9eb7592731fc1598616d739da1d93d32cd24, https://www.youtube.com/watch?v=5x3tyErCsrQ, 01/07/2024 17:20:07, 200>
<f65103d2926b16c36fa67f619f59e88c7e31170b771dc620bf7d227b290749cdf8a3098ee4343b691ce78a8995664bdc40cb1e448f5b8585b79e54110e4e84a4, https://www.youtube.com/watch?v=XvMq9hhaxbg, 01/07/2024 17:20:08, 200>
<174c96b5754929fb133fe843f6bfd51549470dc7f364ebf2c4403b78d187f3fe459cd0aefabc9a0b5a669d5da733674d6ecd8838250e1d402cd391ea8981371a, https://www.youtube.com/watch?v=HZOS7H4l3JM, 01/07/2024 17:20:09, 200>
<d000581dd12f32b33564f69ac1b1a2e7e0299388b97b6bf32a33d19ff3d94cbfb943a398fe8c5e9e2509a31ad43b1418caa3eced12b34d369667d492d3599c15, https://www.youtube.com/watch?v=oE7PlMuLUc4, 01/07/2024 17:20:11, 200>
<50bf03e62d495470bb5a0262e47c7da5acf0a1dbba00ed1e4a8e73d8a7963032c5a448d73a59323932d35f1ce469bda0122c0613188fd927e456b7851832309d, https://www.youtube.com/watch?v=hbcGx4MGUMg, 01/07/2024 17:20:12, 200>
<54142aaaf66d0664bc49332fa3dfe35f8f2baea48a8eea4c7daf8c1555806886fdd98aa8203d2ec6c34e742442a7994094dde4a1b549a21166f58bb44372bd2e, https://www.youtube.com/watch?v=C7nFfqM03Xs, 01/07/2024 17:20:13, 200>
<a32e494bcd19aabec18d055ef54bcc7786b1f466d460c617b63831b20718748e311e8a520062e315ee8cbe6b66a666ce15c364b30253a6090fef28d0b1de373c, https://www.youtube.com/watch?v=OL1AkIavBqw, 01/07/2024 17:20:14, 200>
<cb71d4ebc62964eee8dc7c97b4b3c4b9cf1b23b0c27f7d33454c697239a74e084dd7adfff27e0165950d57b8a70c79a7e664b31625610610c26947d984048ce3, https://www.youtube.com/watch?v=fqTR0UUL-OQ, 01/07/2024 17:20:15, 200>
<48bf08870bf905545af042c125530b0d6ae881e903e6bf821ac4bb341edb941966a99680101707d8ab637c42c3bd64795c3509e278b1305f23f5323f3a4af569, https://www.youtube.com/watch?v=xhKMwGozbic, 01/07/2024 17:20:17, 200>
<d02744e2b8c26864a8b20baa0f735050964cc4cc861c4c0f68d543dca2c784011d0ab81bee53fae9dc4b4202096f36f197907738f8cf751a1bc01eb01ddea338, https://www.youtube.com/watch?v=UShsgCOzER4, 01/07/2024 17:20:18, 200>
<deb17b31865510d714b0090ed96dde8cb9e495a713b820d273661caf07add40e8a3433e3a8d62247da73f8e9379587ef14eaf898dc8b685ff64467db1dc71bde, https://www.youtube.com/watch?v=7K9jWptv61M, 01/07/2024 17:20:19, 200>
<632fb9ef7ec3fe95396554465cacdfc2ba78dc9453b6faeb2a0de5aebd7c738e7a25126cbf0994327186d5f97c62e426b094095b5c356e626b19790b57dbfb5c, https://www.youtube.com/watch?v=PPtJDKCkGs4, 01/07/2024 17:20:20, 200>
<a5061e74f744912b03dea818fbd3b0875221382f9a364e7efc8be3d88dd4675e7e4dbe30eaa85996d5d1d2beae89f4d23ba8fe3bff5e5f58185186cfa394719d, https://www.youtube.com/watch?v=p9wsEOVK4cw, 01/07/2024 17:20:22, 200>
<1d79b46912170ee001dd62b1e25cc5839db55f8a78e4fbec308fb8a34dac063fdcf492c53020e6127a4fe7529fec3cb83358db74f96b66d1a20e22f539b58c03, https://www.youtube.com/watch?v=RoeXmaSE7Lo, 01/07/2024 17:20:23, 200>
<82b66ebd9526e62a22a95ece218890ed625feaaa22527da5cfda7df3e1defe49f6dfcd17d8964ac63f203e5cbe2e0aa8027532c8245d4d6556889adcdf69313b, https://www.youtube.com/watch?v=kM-94LhhQTs, 01/07/2024 17:20:25, 200>
<1364c588cf9dda3f6bcda5617e10a748af3bae9d8175c6feedff1a2538eeda9ce3fe9a23b6a488bb4a7d337fbe162fde4a919ecec656fe801179fc91069aa874, https://www.youtube.com/watch?v=PWirijQkH4M, 01/07/2024 17:20:26, 200>
<476da35a2e137ba6dc7e4249e7fff6e4927ffe5cbbcfd7334ab13e07f6d9a4d70e1bb2ee8ac2615653439a0f2fcff0ffeb2b014ae8d880814c43292fd956e260, https://www.youtube.com/watch?v=Z-w_KPvZA80, 01/07/2024 17:20:27, 200>
<ffb8e1768e063ef8742c008715a1882ba8596e9d2316b8c3c06de3f0374b7751addbf819f9721e5e5f8e83c67b69cc2c96b5756840e209e52ccda1310999dcf9, https://www.youtube.com/watch?v=mrHiZrtn5c0, 01/07/2024 17:20:28, 200>
<fe9c5a6be5ddd448f807fef83738d85625dc57a29780709304df4c3dbb06c817f3294c67737d1d254669e5511ae6d2d4ee9028c58b391924b9a44859ca51a15d, https://www.youtube.com/watch?v=qK2kldlnX4Q, 01/07/2024 17:20:29, 200>
<784aa5c7faf57a04b45d1ef0c65716ca01dea2b8a70b2226e7ec151dd7a541129d7020cb695a78958b820cf86c1c8bbc38a9ade27fef41217d791e4556e82fc4, https://www.youtube.com/watch?v=q8mC7u028Mw, 01/07/2024 17:20:30, 200>
<64727277217b2a1eeda2e417fc421e1587d539c7a9aa2876db0d497dfedf98917a49074a273eca35bc784310cb475494aeda50951e141ac170e52f4b6f68d723, https://www.youtube.com/watch?v=eJCHKjt0MPw, 01/07/2024 17:20:31, 200>
<c57b57715a976ef6e93dde134addd91977db517debd7664adf647bf542dbe7b2787d737995821162494838df2b3700cc291001c2fa525835880bce7db3f61409, https://www.youtube.com/watch?v=U0Mq3mJdwh4, 01/07/2024 17:20:33, 200>
<1054354253201e7f5447bedce4f6e1407231e7aaee2dfc1ea2ef08aaf6a539bd2c84c955c10e59322dadec7630f20db857e584b222b90e5f102ea9a983337999, https://www.youtube.com/watch?v=vdfjYDJzaGU, 01/07/2024 17:20:34, 200>
<0180ce414e353b006ffe0b26008215ab2c6166f6ba937f6ecd935e30c0e8c01388b6ee7ce6e83401aee9e39d0dc42daa785b8a3fd1bd1961b7da2e2ec53845e6, https://www.youtube.com/watch?v=3k6DmZwxr4k, 01/07/2024 17:20:35, 200>
<1d93dc07e13f0e706d2cd8d1d95d26d5f142d9768632d7d569a5d3c03ddcd6c1596cfc4a468f65e553cf73acd6a3876aff0e0b7c6bccd62a283243af41fc57fb, https://www.youtube.com/watch?v=_ZnbTEs4O6U, 01/07/2024 17:20:36, 200>
<6d0c94d4a8c214eaa09e325c15330026029a616bfdd27f83b9e90fcfc79e3ce362ebecfae881bae449895e8c5f5227a47fc93fd4333adcfd808d565d70f46d8c, https://www.youtube.com/watch?v=wyiZWYMilgk, 01/07/2024 17:20:37, 200>
<e8ef8ba512cb11801a66cd0b9ab99ba83cd46d835f944c3af63eab18cb5b8670e4c0e8db648ad88c9413cad9e5e8692047b389080c26cc99a8ca6f0ceaaba039, https://www.youtube.com/watch?v=4pnbchto6B0, 01/07/2024 17:20:39, 200>
<363cf3005b7585d11399f2e93d193b72ebfa1c000a0579eddff721671c608357c3d803e3bddb6ebc8224302f7b9c97c4a61430e88c9596b2c8b8181854d5ff27, https://www.youtube.com/watch?v=iKsT8HXSfPA, 01/07/2024 17:20:40, 200>
<335cf9cfab49bcabacd5456cedbb5611025f0b7ab17a14e2e87be02f7af73d0e359d880954b447b2279f76dcf0246e5811d1230bb1b629ea99fc2beb55ede35e, https://www.youtube.com/watch?v=wJr1rn0pYkw, 01/07/2024 17:20:41, 200>
<351dc89aafc0bf4f891d14c4d947ff4417a8a145a824788de6de44019074a55d4785b761c3bb654f1011fbcf40bf8c4ad2b45000b9d727cef0a6c4d3144eb00b, https://www.youtube.com/watch?v=1bZ0OSEViyo, 01/07/2024 17:20:42, 200>
<ffd6e945d3b1de6f0222a0985cc66a0011e6016eac301cdf64ac4d4c87fd2e35d1bd7450a43276d3ae31b7366b6d15ba0536b35c3f69fae8a4273230ad7e2e6e, https://www.youtube.com/watch?v=pM_rvWwQoqU, 01/07/2024 17:20:43, 200>
<d8ff7aa9fa6965fb05b3a6dc280da0ae40042f9a04394b4adc61aa2be2028b806c2c6fb8caa7b2e782ee5c12e24e16406dd7f8890513c8df836bb054c8d09097, https://www.youtube.com/watch?v=6c2RTx8wDEw, 01/07/2024 17:20:44, 200>
<1725c30bc18cbab9c2c427e4fd849160e9b2ebdbb98c358cb2eb9f3128af08b41a9fafa3810e32440e00a2b4dadacbf5531a1aa6b77d4a71069d2cc7b372edf0, https://www.youtube.com/watch?v=oaXPYHpxKoE, 01/07/2024 17:20:45, 200>
<f587cbb6d0c3d52252ddd2910eefecb8eb31ef84721f4325f1824565229e20bd2af6a3df886c39ac69b0449110d743304769908e62c4d82fd494d4c6bcf89c42, https://www.youtube.com/watch?v=GFLb5h2O2Ww, 01/07/2024 17:20:47, 200>
<e0a0ebc0a57960bc260a24e6354f283153af3e91f22ddfa5862598c432dc43b0490ff0f6f4a2282dbe5cfd14058a78a03f592c0920edca1af2b2a81f9e7d95c3, https://www.youtube.com/watch?v=N8eanZsd9o4, 01/07/2024 17:20:48, 200>
<9b5d57b43ea5c213238a14950cc2715961d707749f148f30b29d3f2ba8ea931042a0082cdb5105b154e8ee36b792204582936f621f8593215e1082c313c6d3b8, https://www.youtube.com/watch?v=6gHqjbQN_BE, 01/07/2024 17:20:49, 200>
<10f0e435a8a22f4e7fa83f0952d44c0a12ab92d270e455f2916a349bba845ba4154f408b5522259d3ccff80820347743ec062c769ec49daae755bbc8ab2b181e, https://www.youtube.com/watch?v=luwciJx9ZkE, 01/07/2024 17:20:50, 200>
<8f510f9d6a8bc8b574a26e25955bc6c6e13da127308db8fe697a761e980f6fa401c674b53bfa913b79945496534cf0f1207e011f03d97324ea0d9de660457438, https://www.youtube.com/watch?v=ldTQoUxROzY, 01/07/2024 17:20:51, 200>
<bc8138edeaa8faa9631f6bfca0f0e371437ba2c1dc6d0b529ec428d2f5c49ea96a9740afdbd606bf4a9c4057f773a6d55904cdd076bc15fa87cb8750b5e4d163, https://www.youtube.com/watch?v=uApthBVk7mw, 01/07/2024 17:20:53, 200>
<d512792f0d8acc7aab8a0ed8d5855f659918dbfbca30332a66e1ccca58f5c7d27a252d9ece9cac8ccc409d6dc45b373cd8d39bbc716c6ad47ca54068b33e6df2, https://www.youtube.com/watch?v=lnArLTmJa6w, 01/07/2024 17:20:54, 200>
<f816cdb46aacccb8ead4a10805622b1c48df2768ba5fc1525b1d00fa4d0fd9105556ff65a148f1cbc5fa7f7d69a6e5f406b17df851518cab2434902fb7f2841f, https://www.youtube.com/watch?v=b59rxDB_JRg, 01/07/2024 17:20:55, 200>
<37c8127cfd2c2610646f6663cf63d2fe885f12d2af15a5e345ae9f3c64fd9cbb7ffcc7941409ce1b45d89a93e1cec406a08b7b7a7a8d6834a58f1675f896192e, https://www.youtube.com/watch?v=3bvBUT5pQYY, 01/07/2024 17:20:57, 200>
<bb80acd3608b1347587b01c0e6bfb19f04289a5d9a87de394b87a2ef5d9f1bf4db95f1d82385b6660e2aa3b0cb91221bd593db5c82dbe0fa057eb7d87de20508, https://www.youtube.com/watch?v=O9i2vmFhSSY, 01/07/2024 17:20:58, 200>
<995d571e38a1d55f807fde820e2d75161d63b2f92061abe6c45688b909e57812fc9952f01662d13a6f6966ce862b646bd8f1aea2a004ec4fd4f62fcbef283450, https://www.youtube.com/watch?v=X-6WBWmoVEY, 01/07/2024 17:20:59, 200>
<fe11ff28660226d275c00e901ed4c1b5d00de405afecf8e4fed9e1b25126874c01f097f1e6fbd2291b3b4f088e8bded708b65929ac00bd102c7f120465ef9984, https://www.youtube.com/watch?v=bYikF-ve1A0, 01/07/2024 17:21:00, 200>
<6b0b83558e82d607563a27a084e58a041ba7d35ca30f580c5b2331f5a60138842d8146df2e0d3fd135171a89d825b8634184e0e01a6fdba14d4c78a5e4cfeeed, https://www.youtube.com/watch?v=luWWiJWergk, 01/07/2024 17:21:02, 200>
<57118ec76ff02ea097399db27676bd0cdc78566f6e93204985b200da3c0ce081569c8a4a99613e62a7540656b49d7982cce40065d96b5f2e4680102e0e2f427f, https://www.youtube.com/watch?v=YQvm5qxZTBg, 01/07/2024 17:21:03, 200>
<da039e95573e1b8df39e328511b0f2528a25aa82d06527c97a4a40953d3d67a61cfa8652e0081cce8bd85b94e969378e0fc1a1fd5dac21897262429a054b98ce, https://www.youtube.com/watch?v=I_id-SkGU2k, 01/07/2024 17:21:04, 200>
<4b9c9e6105c309ea33d3543a0097cfd9728271822e4ce3d692e13ffe187e8c779259b1b8617c27f193457fedd9e3fa8bc7d979d32093c807cfe3d083083595f1, https://www.youtube.com/watch?v=IajeQM00yfE, 01/07/2024 17:21:05, 200>
<e2ff5375d34ab04a69c66c9a005206755aff358ee5f0f16bd51191062d9d7eca2763bdc331000d24611b1559b637bc4174f3535af73e8cdda308bc980ce3ab70, https://www.youtube.com/watch?v=yh_OnJwnzq4, 01/07/2024 17:21:06, 200>
<a3dd8404ae6d7644e4ab2bd144a13c3d07e9de451e356251b18d1280a5d024f1918a31ea298b4a2895af90e31e48cf523077bac9e5cf6060dd4f956faf11d9e6, https://www.youtube.com/watch?v=A4ZbdU31KbQ, 01/07/2024 17:21:07, 200>
<81129d2a88500d51245fb537839f865925dc0d8cd93b318ee579c1522043ccc103e836f7270182afcb8e4eb5b6383a77118da49f0c99e5abd52292d36090a6d2, https://www.youtube.com/watch?v=VEJWE6cpqw0, 01/07/2024 17:21:08, 200>
<4ffed7d2df8a125d4129ebe212fb360158e5f6e1e4e559ae30d4c01a687c8b1544e81e4d4237d3be9eab37089af6f1d830f60392871f9fd230c1b222a712e8d0, https://www.youtube.com/watch?v=798f3txy4Zs, 01/07/2024 17:21:10, 200>
